<?xml version="1.0" encoding="UTF-8"?>
<testsuite name="com.example.dao.CarDaoImplTest" tests="10" skipped="0" failures="0" errors="0" timestamp="2017-10-27T14:45:40" hostname="/0:0:0:0:0:0:0:1%lo" time="4.57">
  <properties/>
  <testcase name="shouldReturnProperCarWhenGivenLicenceNumberHasMixedCaseLetters" classname="com.example.dao.CarDaoImplTest" time="0.669"/>
  <testcase name="shouldReturnerEmptyOptionalWhenLicenceNumberIsNull" classname="com.example.dao.CarDaoImplTest" time="0.602"/>
  <testcase name="shouldReturnCarThatBelongsToUser" classname="com.example.dao.CarDaoImplTest" time="0.5"/>
  <testcase name="shouldReturnEmptyOptionalWhenSearchedLicenceNumberIsNotPresent" classname="com.example.dao.CarDaoImplTest" time="0.466"/>
  <testcase name="shouldNotMergeUserWhenCarIsNull" classname="com.example.dao.CarDaoImplTest" time="0.456"/>
  <testcase name="shouldMergeUserWhenUserAndCarAreNotNulls" classname="com.example.dao.CarDaoImplTest" time="0.4"/>
  <testcase name="shouldNotMergeUserWhenUserAndCarAreNulls" classname="com.example.dao.CarDaoImplTest" time="0.439"/>
  <testcase name="shouldNotMergeUserWhenUserIsNull" classname="com.example.dao.CarDaoImplTest" time="0.361"/>
  <testcase name="shouldReturnEmptyOptionalWhenLicenceNumberIsEmpty" classname="com.example.dao.CarDaoImplTest" time="0.319"/>
  <testcase name="shouldReturnProperCarWhenSearchedLicenceNumberIsPresent" classname="com.example.dao.CarDaoImplTest" time="0.351"/>
  <system-out><![CDATA[16:45:37.771 [Test worker] DEBUG org.springframework.test.context.junit4.SpringJUnit4ClassRunner - SpringJUnit4ClassRunner constructor called with [class com.example.dao.CarDaoImplTest]
16:45:37.775 [Test worker] DEBUG org.springframework.test.context.BootstrapUtils - Instantiating CacheAwareContextLoaderDelegate from class [org.springframework.test.context.cache.DefaultCacheAwareContextLoaderDelegate]
16:45:37.780 [Test worker] DEBUG org.springframework.test.context.BootstrapUtils - Instantiating BootstrapContext using constructor [public org.springframework.test.context.support.DefaultBootstrapContext(java.lang.Class,org.springframework.test.context.CacheAwareContextLoaderDelegate)]
16:45:37.789 [Test worker] DEBUG org.springframework.test.context.BootstrapUtils - Instantiating TestContextBootstrapper for test class [com.example.dao.CarDaoImplTest] from class [org.springframework.boot.test.context.SpringBootTestContextBootstrapper]
16:45:37.795 [Test worker] INFO org.springframework.boot.test.context.SpringBootTestContextBootstrapper - Neither @ContextConfiguration nor @ContextHierarchy found for test class [com.example.dao.CarDaoImplTest], using SpringBootContextLoader
16:45:37.798 [Test worker] DEBUG org.springframework.test.context.support.AbstractContextLoader - Did not detect default resource location for test class [com.example.dao.CarDaoImplTest]: class path resource [com/example/dao/CarDaoImplTest-context.xml] does not exist
16:45:37.798 [Test worker] DEBUG org.springframework.test.context.support.AbstractContextLoader - Did not detect default resource location for test class [com.example.dao.CarDaoImplTest]: class path resource [com/example/dao/CarDaoImplTestContext.groovy] does not exist
16:45:37.798 [Test worker] INFO org.springframework.test.context.support.AbstractContextLoader - Could not detect default resource locations for test class [com.example.dao.CarDaoImplTest]: no resource found for suffixes {-context.xml, Context.groovy}.
16:45:37.798 [Test worker] INFO org.springframework.test.context.support.AnnotationConfigContextLoaderUtils - Could not detect default configuration classes for test class [com.example.dao.CarDaoImplTest]: CarDaoImplTest does not declare any static, non-private, non-final, nested classes annotated with @Configuration.
16:45:37.842 [Test worker] DEBUG org.springframework.core.env.StandardEnvironment - Adding PropertySource 'systemProperties' with lowest search precedence
16:45:37.843 [Test worker] DEBUG org.springframework.core.env.StandardEnvironment - Adding PropertySource 'systemEnvironment' with lowest search precedence
16:45:37.844 [Test worker] DEBUG org.springframework.core.env.StandardEnvironment - Initialized StandardEnvironment with PropertySources [MapPropertySource@2013947823 {name='systemProperties', properties={java.runtime.name=Java(TM) SE Runtime Environment, sun.boot.library.path=/usr/local/java/jdk1.8.0_121/jre/lib/amd64, java.vm.version=25.121-b13, java.vm.vendor=Oracle Corporation, java.vendor.url=http://java.oracle.com/, path.separator=:, java.vm.name=Java HotSpot(TM) 64-Bit Server VM, file.encoding.pkg=sun.io, sun.java.launcher=SUN_STANDARD, user.country=PL, sun.os.patch.level=unknown, java.vm.specification.name=Java Virtual Machine Specification, user.dir=/home/mateusz/Projekt/test, java.runtime.version=1.8.0_121-b13, java.awt.graphicsenv=sun.awt.X11GraphicsEnvironment, java.endorsed.dirs=/usr/local/java/jdk1.8.0_121/jre/lib/endorsed, os.arch=amd64, java.io.tmpdir=/tmp, line.separator=
, java.vm.specification.vendor=Oracle Corporation, user.variant=, os.name=Linux, sun.jnu.encoding=UTF-8, java.library.path=/usr/java/packages/lib/amd64:/usr/lib64:/lib64:/lib:/usr/lib, java.specification.name=Java Platform API Specification, java.class.version=52.0, org.gradle.native=false, sun.management.compiler=HotSpot 64-Bit Tiered Compilers, os.version=4.4.0-97-generic, user.home=/home/mateusz, user.timezone=Europe/Warsaw, java.awt.printerjob=sun.print.PSPrinterJob, file.encoding=UTF-8, java.specification.version=1.8, java.class.path=/home/mateusz/Projekt/test/build/classes/java/test:/home/mateusz/Projekt/test/build/resources/test:/home/mateusz/Projekt/test/build/classes/java/main:/home/mateusz/Projekt/test/build/resources/main:/home/mateusz/.gradle/caches/modules-2/files-2.1/org.springframework.boot/spring-boot-starter-data-jpa/1.5.8.RELEASE/55bb5e8aea5707f79ee9888ad75261a7b7df4654/spring-boot-starter-data-jpa-1.5.8.RELEASE.jar:/home/mateusz/.gradle/caches/modules-2/files-2.1/org.springframework.boot/spring-boot-starter-aop/1.5.8.RELEASE/9bc9a40e0718726ed48f6becc509b2d186f1ebcc/spring-boot-starter-aop-1.5.8.RELEASE.jar:/home/mateusz/.gradle/caches/modules-2/files-2.1/org.springframework.boot/spring-boot-starter-jdbc/1.5.8.RELEASE/fc98631eba9817c920b9ac1c5845214f49637a33/spring-boot-starter-jdbc-1.5.8.RELEASE.jar:/home/mateusz/.gradle/caches/modules-2/files-2.1/org.springframework.boot/spring-boot-starter/1.5.8.RELEASE/18048efe1f06569022a53cc3fb2fe9c0162935a3/spring-boot-starter-1.5.8.RELEASE.jar:/home/mateusz/.gradle/caches/modules-2/files-2.1/org.apache.commons/commons-text/1.1/c336bf600f44b88af356c8a85eef4af822b06a4d/commons-text-1.1.jar:/home/mateusz/.gradle/caches/modules-2/files-2.1/org.apache.commons/commons-lang3/3.6/9d28a6b23650e8a7e9063c04588ace6cf7012c17/commons-lang3-3.6.jar:/home/mateusz/.gradle/caches/modules-2/files-2.1/org.apache.commons/commons-collections4/4.1/a4cf4688fe1c7e3a63aa636cc96d013af537768e/commons-collections4-4.1.jar:/home/mateusz/.gradle/caches/modules-2/files-2.1/org.hibernate.validator/hibernate-validator/6.0.3.Final/ede992930ceba3ebd17bd3e5ac3e1be5f520cc6c/hibernate-validator-6.0.3.Final.jar:/home/mateusz/.gradle/caches/modules-2/files-2.1/javax.validation/validation-api/2.0.0.Final/4a7ff48084bd336c4de1f79f027f6f77badf399e/validation-api-2.0.0.Final.jar:/home/mateusz/.gradle/caches/modules-2/files-2.1/org.projectlombok/lombok/1.16.18/557d13dcb647038dc687390711ccb5c9b3ffbd60/lombok-1.16.18.jar:/home/mateusz/.gradle/caches/modules-2/files-2.1/org.postgresql/postgresql/42.1.4/1c7788d16b67d51f2f38ae99e474ece968bf715a/postgresql-42.1.4.jar:/home/mateusz/.gradle/caches/modules-2/files-2.1/org.springframework.boot/spring-boot-starter-test/1.5.8.RELEASE/20b767f594924b32950286f1236ab7d68ff861f9/spring-boot-starter-test-1.5.8.RELEASE.jar:/home/mateusz/.gradle/caches/modules-2/files-2.1/org.assertj/assertj-core/3.8.0/b209d90ff2e279bee3e02547ee7b11349c52d0e3/assertj-core-3.8.0.jar:/home/mateusz/.gradle/caches/modules-2/files-2.1/org.mockito/mockito-core/2.9.0/f28b9606eca8da77e10df30a7e301f589733143e/mockito-core-2.9.0.jar:/home/mateusz/.gradle/caches/modules-2/files-2.1/com.h2database/h2/1.4.196/dd0034398d593aa3588c6773faac429bbd9aea0e/h2-1.4.196.jar:/home/mateusz/.gradle/caches/modules-2/files-2.1/org.springframework.boot/spring-boot-test-autoconfigure/1.5.8.RELEASE/a8f986cc4b6ecef1417fe50c20984f12f54d15cc/spring-boot-test-autoconfigure-1.5.8.RELEASE.jar:/home/mateusz/.gradle/caches/modules-2/files-2.1/org.springframework.boot/spring-boot-autoconfigure/1.5.8.RELEASE/e4f2efa4c319f4e3613d94fbccfdb5ccda6873e3/spring-boot-autoconfigure-1.5.8.RELEASE.jar:/home/mateusz/.gradle/caches/modules-2/files-2.1/org.springframework.boot/spring-boot-test/1.5.8.RELEASE/17dedee86d1a9e9bd409d715fd90650ca1049659/spring-boot-test-1.5.8.RELEASE.jar:/home/mateusz/.gradle/caches/modules-2/files-2.1/org.springframework.boot/spring-boot/1.5.8.RELEASE/748ebde51761e12627ad23d064024f342b18f9b4/spring-boot-1.5.8.RELEASE.jar:/home/mateusz/.gradle/caches/modules-2/files-2.1/org.springframework.boot/spring-boot-starter-logging/1.5.8.RELEASE/ebc00a0e46753d90431fdcc5e3d6b9fd3bf1564a/spring-boot-starter-logging-1.5.8.RELEASE.jar:/home/mateusz/.gradle/caches/modules-2/files-2.1/org.springframework.data/spring-data-jpa/1.11.8.RELEASE/d674b8407de3d2998c106557fd6a6665de2bc217/spring-data-jpa-1.11.8.RELEASE.jar:/home/mateusz/.gradle/caches/modules-2/files-2.1/org.springframework/spring-test/4.3.12.RELEASE/825a7ac1014528db722a6cc94cceaef2410cb314/spring-test-4.3.12.RELEASE.jar:/home/mateusz/.gradle/caches/modules-2/files-2.1/org.springframework/spring-context/4.3.12.RELEASE/5e6d26f36636f36b7efec1d6a0c5991284fbd95b/spring-context-4.3.12.RELEASE.jar:/home/mateusz/.gradle/caches/modules-2/files-2.1/org.springframework/spring-aop/4.3.12.RELEASE/b3fef085902993c2ef874c45c7bfd79296d5a5a4/spring-aop-4.3.12.RELEASE.jar:/home/mateusz/.gradle/caches/modules-2/files-2.1/org.springframework/spring-orm/4.3.12.RELEASE/47bbe35a92944aeedf06a388098581272f8db9bd/spring-orm-4.3.12.RELEASE.jar:/home/mateusz/.gradle/caches/modules-2/files-2.1/org.springframework/spring-jdbc/4.3.12.RELEASE/5c840abbdc1a1dfd0f79c4a4c25eac0c98e6af22/spring-jdbc-4.3.12.RELEASE.jar:/home/mateusz/.gradle/caches/modules-2/files-2.1/org.springframework.data/spring-data-commons/1.13.8.RELEASE/2853e3c38e02d42529f6c8b247d7bace40c25642/spring-data-commons-1.13.8.RELEASE.jar:/home/mateusz/.gradle/caches/modules-2/files-2.1/org.springframework/spring-tx/4.3.12.RELEASE/7147b6839b2bf9db3621b79c73b4dddbe69572b6/spring-tx-4.3.12.RELEASE.jar:/home/mateusz/.gradle/caches/modules-2/files-2.1/org.springframework/spring-beans/4.3.12.RELEASE/547dd432d47d0f01d9ccbedc4b705f9f7c1240a/spring-beans-4.3.12.RELEASE.jar:/home/mateusz/.gradle/caches/modules-2/files-2.1/org.springframework/spring-expression/4.3.12.RELEASE/790f69f6ad7f9da8d4a92c603ad7244c398c8309/spring-expression-4.3.12.RELEASE.jar:/home/mateusz/.gradle/caches/modules-2/files-2.1/org.springframework/spring-core/4.3.12.RELEASE/4cebc69478c6d350dbd5af28e3db7d5694f416e3/spring-core-4.3.12.RELEASE.jar:/home/mateusz/.gradle/caches/modules-2/files-2.1/org.yaml/snakeyaml/1.17/7a27ea250c5130b2922b86dea63cbb1cc10a660c/snakeyaml-1.17.jar:/home/mateusz/.gradle/caches/modules-2/files-2.1/org.hibernate/hibernate-entitymanager/5.2.12.Final/718a7546a500ed9dc153001e6fc512e8d8038971/hibernate-entitymanager-5.2.12.Final.jar:/home/mateusz/.gradle/caches/modules-2/files-2.1/org.hibernate/hibernate-core/5.2.12.Final/ea479b6692e22c9b642dd4142db670e92d106544/hibernate-core-5.2.12.Final.jar:/home/mateusz/.gradle/caches/modules-2/files-2.1/javax.transaction/javax.transaction-api/1.2/d81aff979d603edd90dcd8db2abc1f4ce6479e3e/javax.transaction-api-1.2.jar:/home/mateusz/.gradle/caches/modules-2/files-2.1/org.springframework/spring-aspects/4.3.12.RELEASE/b0002bfdd0d58f09fc178afc5f2d0553ff117840/spring-aspects-4.3.12.RELEASE.jar:/home/mateusz/.gradle/caches/modules-2/files-2.1/com.jayway.jsonpath/json-path/2.2.0/22290d17944bd239fabf5ac69005a60a7ecbbbcb/json-path-2.2.0.jar:/home/mateusz/.gradle/caches/modules-2/files-2.1/junit/junit/4.12/2973d150c0dc1fefe998f834810d68f278ea58ec/junit-4.12.jar:/home/mateusz/.gradle/caches/modules-2/files-2.1/org.hamcrest/hamcrest-library/1.3/4785a3c21320980282f9f33d0d1264a69040538f/hamcrest-library-1.3.jar:/home/mateusz/.gradle/caches/modules-2/files-2.1/org.hamcrest/hamcrest-core/1.3/42a25dc3219429f0e5d060061f71acb49bf010a0/hamcrest-core-1.3.jar:/home/mateusz/.gradle/caches/modules-2/files-2.1/org.skyscreamer/jsonassert/1.4.0/9cdbb373a06f6513e51e8c545ee6a5e981463edb/jsonassert-1.4.0.jar:/home/mateusz/.gradle/caches/modules-2/files-2.1/net.bytebuddy/byte-buddy/1.7.0/48481d20ed4334ee0abfe8212ecb44e0233a97b5/byte-buddy-1.7.0.jar:/home/mateusz/.gradle/caches/modules-2/files-2.1/net.bytebuddy/byte-buddy-agent/1.7.0/d6628d26240223cecd0dc85fbe97b518857e56c7/byte-buddy-agent-1.7.0.jar:/home/mateusz/.gradle/caches/modules-2/files-2.1/org.objenesis/objenesis/2.6/639033469776fd37c08358c6b92a4761feb2af4b/objenesis-2.6.jar:/home/mateusz/.gradle/caches/modules-2/files-2.1/ch.qos.logback/logback-classic/1.1.11/ccedfbacef4a6515d2983e3f89ed753d5d4fb665/logback-classic-1.1.11.jar:/home/mateusz/.gradle/caches/modules-2/files-2.1/org.slf4j/jcl-over-slf4j/1.7.25/f8c32b13ff142a513eeb5b6330b1588dcb2c0461/jcl-over-slf4j-1.7.25.jar:/home/mateusz/.gradle/caches/modules-2/files-2.1/org.slf4j/jul-to-slf4j/1.7.25/af5364cd6679bfffb114f0dec8a157aaa283b76/jul-to-slf4j-1.7.25.jar:/home/mateusz/.gradle/caches/modules-2/files-2.1/org.slf4j/log4j-over-slf4j/1.7.25/a87bb47468f47ee7aabbd54f93e133d4215769c3/log4j-over-slf4j-1.7.25.jar:/home/mateusz/.gradle/caches/modules-2/files-2.1/org.aspectj/aspectjweaver/1.8.11/9807e0e13c8a295f15882721db50fa3d142c44a9/aspectjweaver-1.8.11.jar:/home/mateusz/.gradle/caches/modules-2/files-2.1/org.apache.tomcat/tomcat-jdbc/8.5.23/6036400a8f2d90dd3ae3a4d09e5136c56002887b/tomcat-jdbc-8.5.23.jar:/home/mateusz/.gradle/caches/modules-2/files-2.1/org.hibernate.common/hibernate-commons-annotations/5.0.1.Final/71e1cff3fcb20d3b3af4f3363c3ddb24d33c6879/hibernate-commons-annotations-5.0.1.Final.jar:/home/mateusz/.gradle/caches/modules-2/files-2.1/org.jboss.logging/jboss-logging/3.3.1.Final/c46217ab74b532568c0ed31dc599db3048bd1b67/jboss-logging-3.3.1.Final.jar:/home/mateusz/.gradle/caches/modules-2/files-2.1/org.hibernate.javax.persistence/hibernate-jpa-2.1-api/1.0.0.Final/5e731d961297e5a07290bfaf3db1fbc8bbbf405a/hibernate-jpa-2.1-api-1.0.0.Final.jar:/home/mateusz/.gradle/caches/modules-2/files-2.1/org.javassist/javassist/3.21.0-GA/598244f595db5c5fb713731eddbb1c91a58d959b/javassist-3.21.0-GA.jar:/home/mateusz/.gradle/caches/modules-2/files-2.1/antlr/antlr/2.7.7/83cd2cd674a217ade95a4bb83a8a14f351f48bd0/antlr-2.7.7.jar:/home/mateusz/.gradle/caches/modules-2/files-2.1/org.jboss.spec.javax.transaction/jboss-transaction-api_1.2_spec/1.0.1.Final/4441f144a2a1f46ed48fcc6b476a4b6295e6d524/jboss-transaction-api_1.2_spec-1.0.1.Final.jar:/home/mateusz/.gradle/caches/modules-2/files-2.1/org.jboss/jandex/2.0.3.Final/bfc4d6257dbff7a33a357f0de116be6ff951d849/jandex-2.0.3.Final.jar:/home/mateusz/.gradle/caches/modules-2/files-2.1/com.fasterxml/classmate/1.3.4/3d5f48f10bbe4eb7bd862f10c0583be2e0053c6/classmate-1.3.4.jar:/home/mateusz/.gradle/caches/modules-2/files-2.1/dom4j/dom4j/1.6.1/5d3ccc056b6f056dbf0dddfdf43894b9065a8f94/dom4j-1.6.1.jar:/home/mateusz/.gradle/caches/modules-2/files-2.1/org.slf4j/slf4j-api/1.7.25/da76ca59f6a57ee3102f8f9bd9cee742973efa8a/slf4j-api-1.7.25.jar:/home/mateusz/.gradle/caches/modules-2/files-2.1/net.minidev/json-smart/2.2.1/5b9e5df7a62d1279b70dc882b041d249c4f0b002/json-smart-2.2.1.jar:/home/mateusz/.gradle/caches/modules-2/files-2.1/com.vaadin.external.google/android-json/0.0.20131108.vaadin1/fa26d351fe62a6a17f5cda1287c1c6110dec413f/android-json-0.0.20131108.vaadin1.jar:/home/mateusz/.gradle/caches/modules-2/files-2.1/ch.qos.logback/logback-core/1.1.11/88b8df40340eed549fb07e2613879bf6b006704d/logback-core-1.1.11.jar:/home/mateusz/.gradle/caches/modules-2/files-2.1/org.apache.tomcat/tomcat-juli/8.5.23/98e7f0610b7b2fb8303f11be0210e3f5a56a7d55/tomcat-juli-8.5.23.jar:/home/mateusz/.gradle/caches/modules-2/files-2.1/net.minidev/accessors-smart/1.1/a527213f2fea112a04c9bdf0ec0264e34104cd08/accessors-smart-1.1.jar:/home/mateusz/.gradle/caches/modules-2/files-2.1/org.ow2.asm/asm/5.0.3/dcc2193db20e19e1feca8b1240dbbc4e190824fa/asm-5.0.3.jar, user.name=mateusz, java.vm.specification.version=1.8, sun.java.command=worker.org.gradle.process.internal.worker.GradleWorkerMain 'Gradle Test Executor 1', java.home=/usr/local/java/jdk1.8.0_121/jre, sun.arch.data.model=64, user.language=pl, java.specification.vendor=Oracle Corporation, awt.toolkit=sun.awt.X11.XToolkit, java.vm.info=mixed mode, java.version=1.8.0_121, java.ext.dirs=/usr/local/java/jdk1.8.0_121/jre/lib/ext:/usr/java/packages/lib/ext, sun.boot.class.path=/usr/local/java/jdk1.8.0_121/jre/lib/resources.jar:/usr/local/java/jdk1.8.0_121/jre/lib/rt.jar:/usr/local/java/jdk1.8.0_121/jre/lib/sunrsasign.jar:/usr/local/java/jdk1.8.0_121/jre/lib/jsse.jar:/usr/local/java/jdk1.8.0_121/jre/lib/jce.jar:/usr/local/java/jdk1.8.0_121/jre/lib/charsets.jar:/usr/local/java/jdk1.8.0_121/jre/lib/jfr.jar:/usr/local/java/jdk1.8.0_121/jre/classes, java.vendor=Oracle Corporation, org.gradle.test.worker=1, file.separator=/, java.vendor.url.bug=http://bugreport.sun.com/bugreport/, sun.io.unicode.encoding=UnicodeLittle, sun.cpu.endian=little, sun.desktop=gnome, sun.cpu.isalist=}}, SystemEnvironmentPropertySource@252830637 {name='systemEnvironment', properties={PATH=/home/mateusz/bin:/home/mateusz/.local/bin:/usr/local/sbin:/usr/local/bin:/usr/sbin:/usr/bin:/sbin:/bin:/usr/games:/usr/local/games:/opt/gradle/gradle-4.0.1/bin:/usr/local/java/jdk1.8.0_121/jre/bin:/usr/local/java/jdk1.8.0_121/bin:/snap/bin:/opt/gradle/gradle-4.0.1/bin:/usr/local/java/jdk1.8.0_121/jre/bin:/usr/local/java/jdk1.8.0_121/bin:/opt/gradle/gradle-4.0.1/bin:/usr/local/java/jdk1.8.0_121/jre/bin:/usr/local/java/jdk1.8.0_121/bin:/opt/gradle/gradle-4.0.1/bin:/usr/local/java/jdk1.8.0_121/jre/bin:/usr/local/java/jdk1.8.0_121/bin:/opt/gradle/gradle-4.0.1/bin:/usr/local/java/jdk1.8.0_121/jre/bin:/usr/local/java/jdk1.8.0_121/bin, XAUTHORITY=/home/mateusz/.Xauthority, LC_MEASUREMENT=pl_PL.UTF-8, XMODIFIERS=@im=ibus, LC_TELEPHONE=pl_PL.UTF-8, XDG_DATA_DIRS=/usr/share/ubuntu:/usr/share/gnome:/usr/local/share/:/usr/share/:/var/lib/snapd/desktop, GDMSESSION=ubuntu, MANDATORY_PATH=/usr/share/gconf/ubuntu.mandatory.path, LC_TIME=pl_PL.UTF-8, PAPERSIZE=a4, GTK_IM_MODULE=ibus, DBUS_SESSION_BUS_ADDRESS=unix:abstract=/tmp/dbus-A38a7xplcQ, DEFAULTS_PATH=/usr/share/gconf/ubuntu.default.path, XDG_CURRENT_DESKTOP=Unity, JRE_HOME=/usr/local/java/jdk1.8.0_121/jre, UPSTART_SESSION=unix:abstract=/com/ubuntu/upstart-session/1000/2809, QT4_IM_MODULE=xim, QT_LINUX_ACCESSIBILITY_ALWAYS_ON=1, LC_PAPER=pl_PL.UTF-8, LOGNAME=mateusz, JOB=unity-settings-daemon, PWD=/home/mateusz, IM_CONFIG_PHASE=1, LANGUAGE=pl_PL:en, SHELL=/bin/bash, LC_ADDRESS=pl_PL.UTF-8, GIO_LAUNCHED_DESKTOP_FILE=/home/mateusz/.local/share/applications/tools_jar.desktop, INSTANCE=, GTK2_MODULES=overlay-scrollbar, UPSTART_INSTANCE=, GNOME_DESKTOP_SESSION_ID=this-is-deprecated, GTK_MODULES=gail:atk-bridge:unity-gtk-module, CLUTTER_IM_MODULE=xim, XDG_SESSION_PATH=/org/freedesktop/DisplayManager/Session0, COMPIZ_BIN_PATH=/usr/bin/, SESSIONTYPE=gnome-session, XDG_SESSION_DESKTOP=ubuntu, SHLVL=0, LC_IDENTIFICATION=pl_PL.UTF-8, LC_MONETARY=pl_PL.UTF-8, COMPIZ_CONFIG_PROFILE=ubuntu, UPSTART_JOB=unity7, QT_IM_MODULE=ibus, JAVA_HOME=/usr/local/java/jdk1.8.0_121, XFILESEARCHPATH=/usr/dt/app-defaults/%L/Dt, XDG_CONFIG_DIRS=/etc/xdg/xdg-ubuntu:/usr/share/upstart/xdg:/etc/xdg, GNOME_KEYRING_CONTROL=, LANG=pl_PL.UTF-8, XDG_SEAT_PATH=/org/freedesktop/DisplayManager/Seat0, XDG_SESSION_TYPE=x11, XDG_SESSION_ID=c2, DISPLAY=:0, LC_NAME=pl_PL.UTF-8, GDM_LANG=pl_PL, XDG_GREETER_DATA_DIR=/var/lib/lightdm-data/mateusz, UPSTART_EVENTS=xsession started, SESSION=ubuntu, GPG_AGENT_INFO=/home/mateusz/.gnupg/S.gpg-agent:0:1, DESKTOP_SESSION=ubuntu, USER=mateusz, GIO_LAUNCHED_DESKTOP_FILE_PID=3395, QT_ACCESSIBILITY=1, LC_NUMERIC=pl_PL.UTF-8, SSH_AUTH_SOCK=/run/user/1000/keyring/ssh, XDG_SEAT=seat0, NLSPATH=/usr/dt/lib/nls/msg/%L/%N.cat, QT_QPA_PLATFORMTHEME=appmenu-qt5, XDG_RUNTIME_DIR=/run/user/1000, XDG_VTNR=7, HOME=/home/mateusz, GNOME_KEYRING_PID=}}]
16:45:37.856 [Test worker] DEBUG org.springframework.core.io.support.PathMatchingResourcePatternResolver - Resolved classpath location [com/example/dao/] to resources [URL [file:/home/mateusz/Projekt/test/build/classes/java/test/com/example/dao/], URL [file:/home/mateusz/Projekt/test/build/classes/java/main/com/example/dao/]]
16:45:37.856 [Test worker] DEBUG org.springframework.core.io.support.PathMatchingResourcePatternResolver - Looking for matching resources in directory tree [/home/mateusz/Projekt/test/build/classes/java/test/com/example/dao]
16:45:37.856 [Test worker] DEBUG org.springframework.core.io.support.PathMatchingResourcePatternResolver - Searching directory [/home/mateusz/Projekt/test/build/classes/java/test/com/example/dao] for files matching pattern [/home/mateusz/Projekt/test/build/classes/java/test/com/example/dao/*.class]
16:45:37.859 [Test worker] DEBUG org.springframework.core.io.support.PathMatchingResourcePatternResolver - Looking for matching resources in directory tree [/home/mateusz/Projekt/test/build/classes/java/main/com/example/dao]
16:45:37.859 [Test worker] DEBUG org.springframework.core.io.support.PathMatchingResourcePatternResolver - Searching directory [/home/mateusz/Projekt/test/build/classes/java/main/com/example/dao] for files matching pattern [/home/mateusz/Projekt/test/build/classes/java/main/com/example/dao/*.class]
16:45:37.860 [Test worker] DEBUG org.springframework.core.io.support.PathMatchingResourcePatternResolver - Resolved location pattern [classpath*:com/example/dao/*.class] to resources [file [/home/mateusz/Projekt/test/build/classes/java/test/com/example/dao/AccommodationDaoImplTest.class], file [/home/mateusz/Projekt/test/build/classes/java/test/com/example/dao/CarDaoImplTest.class], file [/home/mateusz/Projekt/test/build/classes/java/test/com/example/dao/UserDaoImplTest.class], file [/home/mateusz/Projekt/test/build/classes/java/main/com/example/dao/AccommodationDao.class], file [/home/mateusz/Projekt/test/build/classes/java/main/com/example/dao/AccommodationDaoImpl.class], file [/home/mateusz/Projekt/test/build/classes/java/main/com/example/dao/CarDao.class], file [/home/mateusz/Projekt/test/build/classes/java/main/com/example/dao/CarDaoImpl.class], file [/home/mateusz/Projekt/test/build/classes/java/main/com/example/dao/UserDao.class], file [/home/mateusz/Projekt/test/build/classes/java/main/com/example/dao/UserDaoImpl.class]]
16:45:37.879 [Test worker] DEBUG org.springframework.core.io.support.PathMatchingResourcePatternResolver - Resolved classpath location [com/example/] to resources [URL [file:/home/mateusz/Projekt/test/build/classes/java/test/com/example/], URL [file:/home/mateusz/Projekt/test/build/classes/java/main/com/example/]]
16:45:37.880 [Test worker] DEBUG org.springframework.core.io.support.PathMatchingResourcePatternResolver - Looking for matching resources in directory tree [/home/mateusz/Projekt/test/build/classes/java/test/com/example]
16:45:37.880 [Test worker] DEBUG org.springframework.core.io.support.PathMatchingResourcePatternResolver - Searching directory [/home/mateusz/Projekt/test/build/classes/java/test/com/example] for files matching pattern [/home/mateusz/Projekt/test/build/classes/java/test/com/example/*.class]
16:45:37.880 [Test worker] DEBUG org.springframework.core.io.support.PathMatchingResourcePatternResolver - Looking for matching resources in directory tree [/home/mateusz/Projekt/test/build/classes/java/main/com/example]
16:45:37.880 [Test worker] DEBUG org.springframework.core.io.support.PathMatchingResourcePatternResolver - Searching directory [/home/mateusz/Projekt/test/build/classes/java/main/com/example] for files matching pattern [/home/mateusz/Projekt/test/build/classes/java/main/com/example/*.class]
16:45:37.881 [Test worker] DEBUG org.springframework.core.io.support.PathMatchingResourcePatternResolver - Resolved location pattern [classpath*:com/example/*.class] to resources [file [/home/mateusz/Projekt/test/build/classes/java/test/com/example/TestObjectFactory.class], file [/home/mateusz/Projekt/test/build/classes/java/main/com/example/AddSampleDataToDatabase.class], file [/home/mateusz/Projekt/test/build/classes/java/main/com/example/Main.class], file [/home/mateusz/Projekt/test/build/classes/java/main/com/example/Runner.class]]
16:45:37.900 [Test worker] DEBUG org.springframework.context.annotation.ClassPathScanningCandidateComponentProvider - Identified candidate component class: file [/home/mateusz/Projekt/test/build/classes/java/main/com/example/Main.class]
16:45:37.901 [Test worker] INFO org.springframework.boot.test.context.SpringBootTestContextBootstrapper - Found @SpringBootConfiguration com.example.Main for test class com.example.dao.CarDaoImplTest
16:45:37.903 [Test worker] DEBUG org.springframework.boot.test.context.SpringBootTestContextBootstrapper - @TestExecutionListeners is not present for class [com.example.dao.CarDaoImplTest]: using defaults.
16:45:37.906 [Test worker] INFO org.springframework.boot.test.context.SpringBootTestContextBootstrapper - Loaded default TestExecutionListener class names from location [META-INF/spring.factories]: [org.springframework.boot.test.autoconfigure.restdocs.RestDocsTestExecutionListener, org.springframework.boot.test.autoconfigure.web.client.MockRestServiceServerResetTestExecutionListener, org.springframework.boot.test.autoconfigure.web.servlet.MockMvcPrintOnlyOnFailureTestExecutionListener, org.springframework.boot.test.autoconfigure.web.servlet.WebDriverTestExecutionListener, org.springframework.boot.test.mock.mockito.MockitoTestExecutionListener, org.springframework.boot.test.mock.mockito.ResetMocksTestExecutionListener, org.springframework.test.context.web.ServletTestExecutionListener, org.springframework.test.context.support.DirtiesContextBeforeModesTestExecutionListener, org.springframework.test.context.support.DependencyInjectionTestExecutionListener, org.springframework.test.context.support.DirtiesContextTestExecutionListener, org.springframework.test.context.transaction.TransactionalTestExecutionListener, org.springframework.test.context.jdbc.SqlScriptsTestExecutionListener]
16:45:37.912 [Test worker] INFO org.springframework.boot.test.context.SpringBootTestContextBootstrapper - Could not instantiate TestExecutionListener [org.springframework.test.context.web.ServletTestExecutionListener]. Specify custom listener classes or make the default listener classes (and their required dependencies) available. Offending class: [javax/servlet/ServletContext]
16:45:37.917 [Test worker] INFO org.springframework.boot.test.context.SpringBootTestContextBootstrapper - Using TestExecutionListeners: [org.springframework.test.context.support.DirtiesContextBeforeModesTestExecutionListener@5a3986bc, org.springframework.boot.test.autoconfigure.SpringBootDependencyInjectionTestExecutionListener@180c80da, org.springframework.test.context.support.DirtiesContextTestExecutionListener@77cd3341, org.springframework.test.context.transaction.TransactionalTestExecutionListener@6d114414, org.springframework.test.context.jdbc.SqlScriptsTestExecutionListener@7b8b336c, org.springframework.boot.test.autoconfigure.restdocs.RestDocsTestExecutionListener@7fd6697, org.springframework.boot.test.autoconfigure.web.servlet.MockMvcPrintOnlyOnFailureTestExecutionListener@19b40a12, org.springframework.boot.test.mock.mockito.MockitoTestExecutionListener@7ee2dcd4, org.springframework.boot.test.autoconfigure.web.client.MockRestServiceServerResetTestExecutionListener@5cd09037, org.springframework.boot.test.autoconfigure.web.servlet.WebDriverTestExecutionListener@30f58ce4, org.springframework.boot.test.mock.mockito.ResetMocksTestExecutionListener@9a8e472]
16:45:37.919 [Test worker] DEBUG org.springframework.test.annotation.ProfileValueUtils - Retrieved @ProfileValueSourceConfiguration [null] for test class [com.example.dao.CarDaoImplTest]
16:45:37.919 [Test worker] DEBUG org.springframework.test.annotation.ProfileValueUtils - Retrieved ProfileValueSource type [class org.springframework.test.annotation.SystemProfileValueSource] for class [com.example.dao.CarDaoImplTest]
16:45:37.919 [Test worker] DEBUG org.springframework.test.annotation.ProfileValueUtils - Retrieved @ProfileValueSourceConfiguration [null] for test class [com.example.dao.CarDaoImplTest]
16:45:37.919 [Test worker] DEBUG org.springframework.test.annotation.ProfileValueUtils - Retrieved ProfileValueSource type [class org.springframework.test.annotation.SystemProfileValueSource] for class [com.example.dao.CarDaoImplTest]
16:45:37.922 [Test worker] DEBUG org.springframework.test.context.support.AbstractDirtiesContextTestExecutionListener - Before test class: context [DefaultTestContext@3d0072e8 testClass = CarDaoImplTest, testInstance = [null], testMethod = [null], testException = [null], mergedContextConfiguration = [MergedContextConfiguration@31692567 testClass = CarDaoImplTest, locations = '{}', classes = '{class com.example.Main}', contextInitializerClasses = '[]', activeProfiles = '{test}', propertySourceLocations = '{}', propertySourceProperties = '{org.springframework.boot.test.context.SpringBootTestContextBootstrapper=true}', contextCustomizers = set[org.springframework.boot.test.autoconfigure.properties.PropertyMappingContextCustomizer@0, org.springframework.boot.test.autoconfigure.web.servlet.WebDriverContextCustomizerFactory$Customizer@47c7de33, org.springframework.boot.test.context.SpringBootTestContextCustomizer@35fb18fe, org.springframework.boot.test.context.filter.ExcludeFilterContextCustomizer@5d5e7bef, org.springframework.boot.test.json.DuplicateJsonObjectContextCustomizerFactory$DuplicateJsonObjectContextCustomizer@2882abdb, org.springframework.boot.test.mock.mockito.MockitoContextCustomizer@0], contextLoader = 'org.springframework.boot.test.context.SpringBootContextLoader', parent = [null]]], class annotated with @DirtiesContext [true] with mode [BEFORE_EACH_TEST_METHOD].
16:45:37.922 [Test worker] DEBUG org.springframework.test.annotation.ProfileValueUtils - Retrieved @ProfileValueSourceConfiguration [null] for test class [com.example.dao.CarDaoImplTest]
16:45:37.922 [Test worker] DEBUG org.springframework.test.annotation.ProfileValueUtils - Retrieved ProfileValueSource type [class org.springframework.test.annotation.SystemProfileValueSource] for class [com.example.dao.CarDaoImplTest]
16:45:37.922 [Test worker] DEBUG org.springframework.test.context.support.DependencyInjectionTestExecutionListener - Performing dependency injection for test context [[DefaultTestContext@3d0072e8 testClass = CarDaoImplTest, testInstance = com.example.dao.CarDaoImplTest@3f8723d9, testMethod = [null], testException = [null], mergedContextConfiguration = [MergedContextConfiguration@31692567 testClass = CarDaoImplTest, locations = '{}', classes = '{class com.example.Main}', contextInitializerClasses = '[]', activeProfiles = '{test}', propertySourceLocations = '{}', propertySourceProperties = '{org.springframework.boot.test.context.SpringBootTestContextBootstrapper=true}', contextCustomizers = set[org.springframework.boot.test.autoconfigure.properties.PropertyMappingContextCustomizer@0, org.springframework.boot.test.autoconfigure.web.servlet.WebDriverContextCustomizerFactory$Customizer@47c7de33, org.springframework.boot.test.context.SpringBootTestContextCustomizer@35fb18fe, org.springframework.boot.test.context.filter.ExcludeFilterContextCustomizer@5d5e7bef, org.springframework.boot.test.json.DuplicateJsonObjectContextCustomizerFactory$DuplicateJsonObjectContextCustomizer@2882abdb, org.springframework.boot.test.mock.mockito.MockitoContextCustomizer@0], contextLoader = 'org.springframework.boot.test.context.SpringBootContextLoader', parent = [null]]]].
16:45:37.962 [Test worker] DEBUG org.springframework.core.env.StandardEnvironment - Adding PropertySource 'systemProperties' with lowest search precedence
16:45:37.962 [Test worker] DEBUG org.springframework.core.env.StandardEnvironment - Adding PropertySource 'systemEnvironment' with lowest search precedence
16:45:37.963 [Test worker] DEBUG org.springframework.core.env.StandardEnvironment - Initialized StandardEnvironment with PropertySources [MapPropertySource@596155219 {name='systemProperties', properties={java.runtime.name=Java(TM) SE Runtime Environment, sun.boot.library.path=/usr/local/java/jdk1.8.0_121/jre/lib/amd64, java.vm.version=25.121-b13, java.vm.vendor=Oracle Corporation, java.vendor.url=http://java.oracle.com/, path.separator=:, java.vm.name=Java HotSpot(TM) 64-Bit Server VM, file.encoding.pkg=sun.io, sun.java.launcher=SUN_STANDARD, user.country=PL, sun.os.patch.level=unknown, java.vm.specification.name=Java Virtual Machine Specification, user.dir=/home/mateusz/Projekt/test, java.runtime.version=1.8.0_121-b13, java.awt.graphicsenv=sun.awt.X11GraphicsEnvironment, java.endorsed.dirs=/usr/local/java/jdk1.8.0_121/jre/lib/endorsed, os.arch=amd64, java.io.tmpdir=/tmp, line.separator=
, java.vm.specification.vendor=Oracle Corporation, user.variant=, os.name=Linux, sun.jnu.encoding=UTF-8, java.library.path=/usr/java/packages/lib/amd64:/usr/lib64:/lib64:/lib:/usr/lib, java.specification.name=Java Platform API Specification, java.class.version=52.0, org.gradle.native=false, sun.management.compiler=HotSpot 64-Bit Tiered Compilers, os.version=4.4.0-97-generic, user.home=/home/mateusz, user.timezone=Europe/Warsaw, java.awt.printerjob=sun.print.PSPrinterJob, file.encoding=UTF-8, java.specification.version=1.8, java.class.path=/home/mateusz/Projekt/test/build/classes/java/test:/home/mateusz/Projekt/test/build/resources/test:/home/mateusz/Projekt/test/build/classes/java/main:/home/mateusz/Projekt/test/build/resources/main:/home/mateusz/.gradle/caches/modules-2/files-2.1/org.springframework.boot/spring-boot-starter-data-jpa/1.5.8.RELEASE/55bb5e8aea5707f79ee9888ad75261a7b7df4654/spring-boot-starter-data-jpa-1.5.8.RELEASE.jar:/home/mateusz/.gradle/caches/modules-2/files-2.1/org.springframework.boot/spring-boot-starter-aop/1.5.8.RELEASE/9bc9a40e0718726ed48f6becc509b2d186f1ebcc/spring-boot-starter-aop-1.5.8.RELEASE.jar:/home/mateusz/.gradle/caches/modules-2/files-2.1/org.springframework.boot/spring-boot-starter-jdbc/1.5.8.RELEASE/fc98631eba9817c920b9ac1c5845214f49637a33/spring-boot-starter-jdbc-1.5.8.RELEASE.jar:/home/mateusz/.gradle/caches/modules-2/files-2.1/org.springframework.boot/spring-boot-starter/1.5.8.RELEASE/18048efe1f06569022a53cc3fb2fe9c0162935a3/spring-boot-starter-1.5.8.RELEASE.jar:/home/mateusz/.gradle/caches/modules-2/files-2.1/org.apache.commons/commons-text/1.1/c336bf600f44b88af356c8a85eef4af822b06a4d/commons-text-1.1.jar:/home/mateusz/.gradle/caches/modules-2/files-2.1/org.apache.commons/commons-lang3/3.6/9d28a6b23650e8a7e9063c04588ace6cf7012c17/commons-lang3-3.6.jar:/home/mateusz/.gradle/caches/modules-2/files-2.1/org.apache.commons/commons-collections4/4.1/a4cf4688fe1c7e3a63aa636cc96d013af537768e/commons-collections4-4.1.jar:/home/mateusz/.gradle/caches/modules-2/files-2.1/org.hibernate.validator/hibernate-validator/6.0.3.Final/ede992930ceba3ebd17bd3e5ac3e1be5f520cc6c/hibernate-validator-6.0.3.Final.jar:/home/mateusz/.gradle/caches/modules-2/files-2.1/javax.validation/validation-api/2.0.0.Final/4a7ff48084bd336c4de1f79f027f6f77badf399e/validation-api-2.0.0.Final.jar:/home/mateusz/.gradle/caches/modules-2/files-2.1/org.projectlombok/lombok/1.16.18/557d13dcb647038dc687390711ccb5c9b3ffbd60/lombok-1.16.18.jar:/home/mateusz/.gradle/caches/modules-2/files-2.1/org.postgresql/postgresql/42.1.4/1c7788d16b67d51f2f38ae99e474ece968bf715a/postgresql-42.1.4.jar:/home/mateusz/.gradle/caches/modules-2/files-2.1/org.springframework.boot/spring-boot-starter-test/1.5.8.RELEASE/20b767f594924b32950286f1236ab7d68ff861f9/spring-boot-starter-test-1.5.8.RELEASE.jar:/home/mateusz/.gradle/caches/modules-2/files-2.1/org.assertj/assertj-core/3.8.0/b209d90ff2e279bee3e02547ee7b11349c52d0e3/assertj-core-3.8.0.jar:/home/mateusz/.gradle/caches/modules-2/files-2.1/org.mockito/mockito-core/2.9.0/f28b9606eca8da77e10df30a7e301f589733143e/mockito-core-2.9.0.jar:/home/mateusz/.gradle/caches/modules-2/files-2.1/com.h2database/h2/1.4.196/dd0034398d593aa3588c6773faac429bbd9aea0e/h2-1.4.196.jar:/home/mateusz/.gradle/caches/modules-2/files-2.1/org.springframework.boot/spring-boot-test-autoconfigure/1.5.8.RELEASE/a8f986cc4b6ecef1417fe50c20984f12f54d15cc/spring-boot-test-autoconfigure-1.5.8.RELEASE.jar:/home/mateusz/.gradle/caches/modules-2/files-2.1/org.springframework.boot/spring-boot-autoconfigure/1.5.8.RELEASE/e4f2efa4c319f4e3613d94fbccfdb5ccda6873e3/spring-boot-autoconfigure-1.5.8.RELEASE.jar:/home/mateusz/.gradle/caches/modules-2/files-2.1/org.springframework.boot/spring-boot-test/1.5.8.RELEASE/17dedee86d1a9e9bd409d715fd90650ca1049659/spring-boot-test-1.5.8.RELEASE.jar:/home/mateusz/.gradle/caches/modules-2/files-2.1/org.springframework.boot/spring-boot/1.5.8.RELEASE/748ebde51761e12627ad23d064024f342b18f9b4/spring-boot-1.5.8.RELEASE.jar:/home/mateusz/.gradle/caches/modules-2/files-2.1/org.springframework.boot/spring-boot-starter-logging/1.5.8.RELEASE/ebc00a0e46753d90431fdcc5e3d6b9fd3bf1564a/spring-boot-starter-logging-1.5.8.RELEASE.jar:/home/mateusz/.gradle/caches/modules-2/files-2.1/org.springframework.data/spring-data-jpa/1.11.8.RELEASE/d674b8407de3d2998c106557fd6a6665de2bc217/spring-data-jpa-1.11.8.RELEASE.jar:/home/mateusz/.gradle/caches/modules-2/files-2.1/org.springframework/spring-test/4.3.12.RELEASE/825a7ac1014528db722a6cc94cceaef2410cb314/spring-test-4.3.12.RELEASE.jar:/home/mateusz/.gradle/caches/modules-2/files-2.1/org.springframework/spring-context/4.3.12.RELEASE/5e6d26f36636f36b7efec1d6a0c5991284fbd95b/spring-context-4.3.12.RELEASE.jar:/home/mateusz/.gradle/caches/modules-2/files-2.1/org.springframework/spring-aop/4.3.12.RELEASE/b3fef085902993c2ef874c45c7bfd79296d5a5a4/spring-aop-4.3.12.RELEASE.jar:/home/mateusz/.gradle/caches/modules-2/files-2.1/org.springframework/spring-orm/4.3.12.RELEASE/47bbe35a92944aeedf06a388098581272f8db9bd/spring-orm-4.3.12.RELEASE.jar:/home/mateusz/.gradle/caches/modules-2/files-2.1/org.springframework/spring-jdbc/4.3.12.RELEASE/5c840abbdc1a1dfd0f79c4a4c25eac0c98e6af22/spring-jdbc-4.3.12.RELEASE.jar:/home/mateusz/.gradle/caches/modules-2/files-2.1/org.springframework.data/spring-data-commons/1.13.8.RELEASE/2853e3c38e02d42529f6c8b247d7bace40c25642/spring-data-commons-1.13.8.RELEASE.jar:/home/mateusz/.gradle/caches/modules-2/files-2.1/org.springframework/spring-tx/4.3.12.RELEASE/7147b6839b2bf9db3621b79c73b4dddbe69572b6/spring-tx-4.3.12.RELEASE.jar:/home/mateusz/.gradle/caches/modules-2/files-2.1/org.springframework/spring-beans/4.3.12.RELEASE/547dd432d47d0f01d9ccbedc4b705f9f7c1240a/spring-beans-4.3.12.RELEASE.jar:/home/mateusz/.gradle/caches/modules-2/files-2.1/org.springframework/spring-expression/4.3.12.RELEASE/790f69f6ad7f9da8d4a92c603ad7244c398c8309/spring-expression-4.3.12.RELEASE.jar:/home/mateusz/.gradle/caches/modules-2/files-2.1/org.springframework/spring-core/4.3.12.RELEASE/4cebc69478c6d350dbd5af28e3db7d5694f416e3/spring-core-4.3.12.RELEASE.jar:/home/mateusz/.gradle/caches/modules-2/files-2.1/org.yaml/snakeyaml/1.17/7a27ea250c5130b2922b86dea63cbb1cc10a660c/snakeyaml-1.17.jar:/home/mateusz/.gradle/caches/modules-2/files-2.1/org.hibernate/hibernate-entitymanager/5.2.12.Final/718a7546a500ed9dc153001e6fc512e8d8038971/hibernate-entitymanager-5.2.12.Final.jar:/home/mateusz/.gradle/caches/modules-2/files-2.1/org.hibernate/hibernate-core/5.2.12.Final/ea479b6692e22c9b642dd4142db670e92d106544/hibernate-core-5.2.12.Final.jar:/home/mateusz/.gradle/caches/modules-2/files-2.1/javax.transaction/javax.transaction-api/1.2/d81aff979d603edd90dcd8db2abc1f4ce6479e3e/javax.transaction-api-1.2.jar:/home/mateusz/.gradle/caches/modules-2/files-2.1/org.springframework/spring-aspects/4.3.12.RELEASE/b0002bfdd0d58f09fc178afc5f2d0553ff117840/spring-aspects-4.3.12.RELEASE.jar:/home/mateusz/.gradle/caches/modules-2/files-2.1/com.jayway.jsonpath/json-path/2.2.0/22290d17944bd239fabf5ac69005a60a7ecbbbcb/json-path-2.2.0.jar:/home/mateusz/.gradle/caches/modules-2/files-2.1/junit/junit/4.12/2973d150c0dc1fefe998f834810d68f278ea58ec/junit-4.12.jar:/home/mateusz/.gradle/caches/modules-2/files-2.1/org.hamcrest/hamcrest-library/1.3/4785a3c21320980282f9f33d0d1264a69040538f/hamcrest-library-1.3.jar:/home/mateusz/.gradle/caches/modules-2/files-2.1/org.hamcrest/hamcrest-core/1.3/42a25dc3219429f0e5d060061f71acb49bf010a0/hamcrest-core-1.3.jar:/home/mateusz/.gradle/caches/modules-2/files-2.1/org.skyscreamer/jsonassert/1.4.0/9cdbb373a06f6513e51e8c545ee6a5e981463edb/jsonassert-1.4.0.jar:/home/mateusz/.gradle/caches/modules-2/files-2.1/net.bytebuddy/byte-buddy/1.7.0/48481d20ed4334ee0abfe8212ecb44e0233a97b5/byte-buddy-1.7.0.jar:/home/mateusz/.gradle/caches/modules-2/files-2.1/net.bytebuddy/byte-buddy-agent/1.7.0/d6628d26240223cecd0dc85fbe97b518857e56c7/byte-buddy-agent-1.7.0.jar:/home/mateusz/.gradle/caches/modules-2/files-2.1/org.objenesis/objenesis/2.6/639033469776fd37c08358c6b92a4761feb2af4b/objenesis-2.6.jar:/home/mateusz/.gradle/caches/modules-2/files-2.1/ch.qos.logback/logback-classic/1.1.11/ccedfbacef4a6515d2983e3f89ed753d5d4fb665/logback-classic-1.1.11.jar:/home/mateusz/.gradle/caches/modules-2/files-2.1/org.slf4j/jcl-over-slf4j/1.7.25/f8c32b13ff142a513eeb5b6330b1588dcb2c0461/jcl-over-slf4j-1.7.25.jar:/home/mateusz/.gradle/caches/modules-2/files-2.1/org.slf4j/jul-to-slf4j/1.7.25/af5364cd6679bfffb114f0dec8a157aaa283b76/jul-to-slf4j-1.7.25.jar:/home/mateusz/.gradle/caches/modules-2/files-2.1/org.slf4j/log4j-over-slf4j/1.7.25/a87bb47468f47ee7aabbd54f93e133d4215769c3/log4j-over-slf4j-1.7.25.jar:/home/mateusz/.gradle/caches/modules-2/files-2.1/org.aspectj/aspectjweaver/1.8.11/9807e0e13c8a295f15882721db50fa3d142c44a9/aspectjweaver-1.8.11.jar:/home/mateusz/.gradle/caches/modules-2/files-2.1/org.apache.tomcat/tomcat-jdbc/8.5.23/6036400a8f2d90dd3ae3a4d09e5136c56002887b/tomcat-jdbc-8.5.23.jar:/home/mateusz/.gradle/caches/modules-2/files-2.1/org.hibernate.common/hibernate-commons-annotations/5.0.1.Final/71e1cff3fcb20d3b3af4f3363c3ddb24d33c6879/hibernate-commons-annotations-5.0.1.Final.jar:/home/mateusz/.gradle/caches/modules-2/files-2.1/org.jboss.logging/jboss-logging/3.3.1.Final/c46217ab74b532568c0ed31dc599db3048bd1b67/jboss-logging-3.3.1.Final.jar:/home/mateusz/.gradle/caches/modules-2/files-2.1/org.hibernate.javax.persistence/hibernate-jpa-2.1-api/1.0.0.Final/5e731d961297e5a07290bfaf3db1fbc8bbbf405a/hibernate-jpa-2.1-api-1.0.0.Final.jar:/home/mateusz/.gradle/caches/modules-2/files-2.1/org.javassist/javassist/3.21.0-GA/598244f595db5c5fb713731eddbb1c91a58d959b/javassist-3.21.0-GA.jar:/home/mateusz/.gradle/caches/modules-2/files-2.1/antlr/antlr/2.7.7/83cd2cd674a217ade95a4bb83a8a14f351f48bd0/antlr-2.7.7.jar:/home/mateusz/.gradle/caches/modules-2/files-2.1/org.jboss.spec.javax.transaction/jboss-transaction-api_1.2_spec/1.0.1.Final/4441f144a2a1f46ed48fcc6b476a4b6295e6d524/jboss-transaction-api_1.2_spec-1.0.1.Final.jar:/home/mateusz/.gradle/caches/modules-2/files-2.1/org.jboss/jandex/2.0.3.Final/bfc4d6257dbff7a33a357f0de116be6ff951d849/jandex-2.0.3.Final.jar:/home/mateusz/.gradle/caches/modules-2/files-2.1/com.fasterxml/classmate/1.3.4/3d5f48f10bbe4eb7bd862f10c0583be2e0053c6/classmate-1.3.4.jar:/home/mateusz/.gradle/caches/modules-2/files-2.1/dom4j/dom4j/1.6.1/5d3ccc056b6f056dbf0dddfdf43894b9065a8f94/dom4j-1.6.1.jar:/home/mateusz/.gradle/caches/modules-2/files-2.1/org.slf4j/slf4j-api/1.7.25/da76ca59f6a57ee3102f8f9bd9cee742973efa8a/slf4j-api-1.7.25.jar:/home/mateusz/.gradle/caches/modules-2/files-2.1/net.minidev/json-smart/2.2.1/5b9e5df7a62d1279b70dc882b041d249c4f0b002/json-smart-2.2.1.jar:/home/mateusz/.gradle/caches/modules-2/files-2.1/com.vaadin.external.google/android-json/0.0.20131108.vaadin1/fa26d351fe62a6a17f5cda1287c1c6110dec413f/android-json-0.0.20131108.vaadin1.jar:/home/mateusz/.gradle/caches/modules-2/files-2.1/ch.qos.logback/logback-core/1.1.11/88b8df40340eed549fb07e2613879bf6b006704d/logback-core-1.1.11.jar:/home/mateusz/.gradle/caches/modules-2/files-2.1/org.apache.tomcat/tomcat-juli/8.5.23/98e7f0610b7b2fb8303f11be0210e3f5a56a7d55/tomcat-juli-8.5.23.jar:/home/mateusz/.gradle/caches/modules-2/files-2.1/net.minidev/accessors-smart/1.1/a527213f2fea112a04c9bdf0ec0264e34104cd08/accessors-smart-1.1.jar:/home/mateusz/.gradle/caches/modules-2/files-2.1/org.ow2.asm/asm/5.0.3/dcc2193db20e19e1feca8b1240dbbc4e190824fa/asm-5.0.3.jar, user.name=mateusz, java.vm.specification.version=1.8, sun.java.command=worker.org.gradle.process.internal.worker.GradleWorkerMain 'Gradle Test Executor 1', java.home=/usr/local/java/jdk1.8.0_121/jre, sun.arch.data.model=64, user.language=pl, java.specification.vendor=Oracle Corporation, awt.toolkit=sun.awt.X11.XToolkit, java.vm.info=mixed mode, java.version=1.8.0_121, java.ext.dirs=/usr/local/java/jdk1.8.0_121/jre/lib/ext:/usr/java/packages/lib/ext, sun.boot.class.path=/usr/local/java/jdk1.8.0_121/jre/lib/resources.jar:/usr/local/java/jdk1.8.0_121/jre/lib/rt.jar:/usr/local/java/jdk1.8.0_121/jre/lib/sunrsasign.jar:/usr/local/java/jdk1.8.0_121/jre/lib/jsse.jar:/usr/local/java/jdk1.8.0_121/jre/lib/jce.jar:/usr/local/java/jdk1.8.0_121/jre/lib/charsets.jar:/usr/local/java/jdk1.8.0_121/jre/lib/jfr.jar:/usr/local/java/jdk1.8.0_121/jre/classes, java.vendor=Oracle Corporation, org.gradle.test.worker=1, file.separator=/, java.vendor.url.bug=http://bugreport.sun.com/bugreport/, sun.io.unicode.encoding=UnicodeLittle, sun.cpu.endian=little, sun.desktop=gnome, sun.cpu.isalist=}}, SystemEnvironmentPropertySource@1252808808 {name='systemEnvironment', properties={PATH=/home/mateusz/bin:/home/mateusz/.local/bin:/usr/local/sbin:/usr/local/bin:/usr/sbin:/usr/bin:/sbin:/bin:/usr/games:/usr/local/games:/opt/gradle/gradle-4.0.1/bin:/usr/local/java/jdk1.8.0_121/jre/bin:/usr/local/java/jdk1.8.0_121/bin:/snap/bin:/opt/gradle/gradle-4.0.1/bin:/usr/local/java/jdk1.8.0_121/jre/bin:/usr/local/java/jdk1.8.0_121/bin:/opt/gradle/gradle-4.0.1/bin:/usr/local/java/jdk1.8.0_121/jre/bin:/usr/local/java/jdk1.8.0_121/bin:/opt/gradle/gradle-4.0.1/bin:/usr/local/java/jdk1.8.0_121/jre/bin:/usr/local/java/jdk1.8.0_121/bin:/opt/gradle/gradle-4.0.1/bin:/usr/local/java/jdk1.8.0_121/jre/bin:/usr/local/java/jdk1.8.0_121/bin, XAUTHORITY=/home/mateusz/.Xauthority, LC_MEASUREMENT=pl_PL.UTF-8, XMODIFIERS=@im=ibus, LC_TELEPHONE=pl_PL.UTF-8, XDG_DATA_DIRS=/usr/share/ubuntu:/usr/share/gnome:/usr/local/share/:/usr/share/:/var/lib/snapd/desktop, GDMSESSION=ubuntu, MANDATORY_PATH=/usr/share/gconf/ubuntu.mandatory.path, LC_TIME=pl_PL.UTF-8, PAPERSIZE=a4, GTK_IM_MODULE=ibus, DBUS_SESSION_BUS_ADDRESS=unix:abstract=/tmp/dbus-A38a7xplcQ, DEFAULTS_PATH=/usr/share/gconf/ubuntu.default.path, XDG_CURRENT_DESKTOP=Unity, JRE_HOME=/usr/local/java/jdk1.8.0_121/jre, UPSTART_SESSION=unix:abstract=/com/ubuntu/upstart-session/1000/2809, QT4_IM_MODULE=xim, QT_LINUX_ACCESSIBILITY_ALWAYS_ON=1, LC_PAPER=pl_PL.UTF-8, LOGNAME=mateusz, JOB=unity-settings-daemon, PWD=/home/mateusz, IM_CONFIG_PHASE=1, LANGUAGE=pl_PL:en, SHELL=/bin/bash, LC_ADDRESS=pl_PL.UTF-8, GIO_LAUNCHED_DESKTOP_FILE=/home/mateusz/.local/share/applications/tools_jar.desktop, INSTANCE=, GTK2_MODULES=overlay-scrollbar, UPSTART_INSTANCE=, GNOME_DESKTOP_SESSION_ID=this-is-deprecated, GTK_MODULES=gail:atk-bridge:unity-gtk-module, CLUTTER_IM_MODULE=xim, XDG_SESSION_PATH=/org/freedesktop/DisplayManager/Session0, COMPIZ_BIN_PATH=/usr/bin/, SESSIONTYPE=gnome-session, XDG_SESSION_DESKTOP=ubuntu, SHLVL=0, LC_IDENTIFICATION=pl_PL.UTF-8, LC_MONETARY=pl_PL.UTF-8, COMPIZ_CONFIG_PROFILE=ubuntu, UPSTART_JOB=unity7, QT_IM_MODULE=ibus, JAVA_HOME=/usr/local/java/jdk1.8.0_121, XFILESEARCHPATH=/usr/dt/app-defaults/%L/Dt, XDG_CONFIG_DIRS=/etc/xdg/xdg-ubuntu:/usr/share/upstart/xdg:/etc/xdg, GNOME_KEYRING_CONTROL=, LANG=pl_PL.UTF-8, XDG_SEAT_PATH=/org/freedesktop/DisplayManager/Seat0, XDG_SESSION_TYPE=x11, XDG_SESSION_ID=c2, DISPLAY=:0, LC_NAME=pl_PL.UTF-8, GDM_LANG=pl_PL, XDG_GREETER_DATA_DIR=/var/lib/lightdm-data/mateusz, UPSTART_EVENTS=xsession started, SESSION=ubuntu, GPG_AGENT_INFO=/home/mateusz/.gnupg/S.gpg-agent:0:1, DESKTOP_SESSION=ubuntu, USER=mateusz, GIO_LAUNCHED_DESKTOP_FILE_PID=3395, QT_ACCESSIBILITY=1, LC_NUMERIC=pl_PL.UTF-8, SSH_AUTH_SOCK=/run/user/1000/keyring/ssh, XDG_SEAT=seat0, NLSPATH=/usr/dt/lib/nls/msg/%L/%N.cat, QT_QPA_PLATFORMTHEME=appmenu-qt5, XDG_RUNTIME_DIR=/run/user/1000, XDG_VTNR=7, HOME=/home/mateusz, GNOME_KEYRING_PID=}}]
16:45:37.964 [Test worker] DEBUG org.springframework.core.env.StandardEnvironment - Adding PropertySource 'test' with highest search precedence
16:45:37.965 [Test worker] DEBUG org.springframework.core.env.MutablePropertySources - Adding PropertySource 'inline' with highest search precedence
16:45:37.969 [Test worker] DEBUG org.springframework.test.context.support.TestPropertySourceUtils - Adding inlined properties to environment: {spring.jmx.enabled=false, org.springframework.boot.test.context.SpringBootTestContextBootstrapper=true, server.port=-1}
16:45:37.969 [Test worker] DEBUG org.springframework.core.env.StandardEnvironment - Adding PropertySource 'Inlined Test Properties' with highest search precedence

  .   ____          _            __ _ _
 /\\ / ___'_ __ _ _(_)_ __  __ _ \ \ \ \
( ( )\___ | '_ | '_| | '_ \/ _` | \ \ \ \
 \\/  ___)| |_)| | | | | || (_| |  ) ) ) )
  '  |____| .__|_| |_|_| |_\__, | / / / /
 =========|_|==============|___/=/_/_/_/
 :: Spring Boot ::        (v1.5.8.RELEASE)

2017-10-27 16:45:38.182  INFO 17698 --- [    Test worker] com.example.dao.CarDaoImplTest           : Starting CarDaoImplTest with PID 17698 (started by mateusz in /home/mateusz/Projekt/test)
2017-10-27 16:45:38.183  INFO 17698 --- [    Test worker] com.example.dao.CarDaoImplTest           : The following profiles are active: test
2017-10-27 16:45:38.210  INFO 17698 --- [    Test worker] s.c.a.AnnotationConfigApplicationContext : Refreshing org.springframework.context.annotation.AnnotationConfigApplicationContext@52a27d76: startup date [Fri Oct 27 16:45:38 CEST 2017]; root of context hierarchy
2017-10-27 16:45:38.855  WARN 17698 --- [    Test worker] o.h.v.m.ParameterMessageInterpolator     : HV000184: ParameterMessageInterpolator has been chosen, EL interpolation will not be supported
2017-10-27 16:45:39.336  INFO 17698 --- [    Test worker] j.LocalContainerEntityManagerFactoryBean : Building JPA container EntityManagerFactory for persistence unit 'default'
2017-10-27 16:45:39.351  INFO 17698 --- [    Test worker] o.hibernate.jpa.internal.util.LogHelper  : HHH000204: Processing PersistenceUnitInfo [
	name: default
	...]
2017-10-27 16:45:39.405  INFO 17698 --- [    Test worker] org.hibernate.Version                    : HHH000412: Hibernate Core {5.2.12.Final}
2017-10-27 16:45:39.407  INFO 17698 --- [    Test worker] org.hibernate.cfg.Environment            : HHH000206: hibernate.properties not found
2017-10-27 16:45:39.441  INFO 17698 --- [    Test worker] o.hibernate.annotations.common.Version   : HCANN000001: Hibernate Commons Annotations {5.0.1.Final}
2017-10-27 16:45:39.539  INFO 17698 --- [    Test worker] org.hibernate.dialect.Dialect            : HHH000400: Using dialect: org.hibernate.dialect.H2Dialect
2017-10-27 16:45:39.804  WARN 17698 --- [    Test worker] org.hibernate.orm.deprecation            : HHH90000014: Found use of deprecated [org.hibernate.id.SequenceHiLoGenerator] sequence-based id generator; use org.hibernate.id.enhanced.SequenceStyleGenerator instead.  See Hibernate Domain Model Mapping Guide for details.
2017-10-27 16:45:39.807  WARN 17698 --- [    Test worker] org.hibernate.orm.deprecation            : HHH90000014: Found use of deprecated [org.hibernate.id.SequenceHiLoGenerator] sequence-based id generator; use org.hibernate.id.enhanced.SequenceStyleGenerator instead.  See Hibernate Domain Model Mapping Guide for details.
2017-10-27 16:45:39.807  WARN 17698 --- [    Test worker] org.hibernate.orm.deprecation            : HHH90000014: Found use of deprecated [org.hibernate.id.SequenceHiLoGenerator] sequence-based id generator; use org.hibernate.id.enhanced.SequenceStyleGenerator instead.  See Hibernate Domain Model Mapping Guide for details.
2017-10-27 16:45:40.061  INFO 17698 --- [    Test worker] o.h.t.schema.internal.SchemaCreatorImpl  : HHH000476: Executing import script 'org.hibernate.tool.schema.internal.exec.ScriptSourceInputNonExistentImpl@5eb39aa3'
2017-10-27 16:45:40.064  INFO 17698 --- [    Test worker] j.LocalContainerEntityManagerFactoryBean : Initialized JPA EntityManagerFactory for persistence unit 'default'
2017-10-27 16:45:40.128  WARN 17698 --- [    Test worker] o.h.v.m.ParameterMessageInterpolator     : HV000184: ParameterMessageInterpolator has been chosen, EL interpolation will not be supported
2017-10-27 16:45:40.308  INFO 17698 --- [    Test worker] com.example.dao.CarDaoImplTest           : Started CarDaoImplTest in 2.337 seconds (JVM running for 3.351)
2017-10-27 16:45:40.395  INFO 17698 --- [    Test worker] s.c.a.AnnotationConfigApplicationContext : Closing org.springframework.context.annotation.AnnotationConfigApplicationContext@52a27d76: startup date [Fri Oct 27 16:45:38 CEST 2017]; root of context hierarchy
2017-10-27 16:45:40.397  INFO 17698 --- [    Test worker] j.LocalContainerEntityManagerFactoryBean : Closing JPA EntityManagerFactory for persistence unit 'default'
2017-10-27 16:45:40.397  INFO 17698 --- [    Test worker] .SchemaDropperImpl$DelayedDropActionImpl : HHH000477: Starting delayed drop of schema as part of SessionFactory shut-down'

  .   ____          _            __ _ _
 /\\ / ___'_ __ _ _(_)_ __  __ _ \ \ \ \
( ( )\___ | '_ | '_| | '_ \/ _` | \ \ \ \
 \\/  ___)| |_)| | | | | || (_| |  ) ) ) )
  '  |____| .__|_| |_|_| |_\__, | / / / /
 =========|_|==============|___/=/_/_/_/
 :: Spring Boot ::        (v1.5.8.RELEASE)

2017-10-27 16:45:40.443  INFO 17698 --- [    Test worker] com.example.dao.CarDaoImplTest           : Starting CarDaoImplTest with PID 17698 (started by mateusz in /home/mateusz/Projekt/test)
2017-10-27 16:45:40.444  INFO 17698 --- [    Test worker] com.example.dao.CarDaoImplTest           : The following profiles are active: test
2017-10-27 16:45:40.446  INFO 17698 --- [    Test worker] s.c.a.AnnotationConfigApplicationContext : Refreshing org.springframework.context.annotation.AnnotationConfigApplicationContext@7932cd95: startup date [Fri Oct 27 16:45:40 CEST 2017]; root of context hierarchy
2017-10-27 16:45:40.610  WARN 17698 --- [    Test worker] o.h.v.m.ParameterMessageInterpolator     : HV000184: ParameterMessageInterpolator has been chosen, EL interpolation will not be supported
2017-10-27 16:45:40.716  INFO 17698 --- [    Test worker] j.LocalContainerEntityManagerFactoryBean : Building JPA container EntityManagerFactory for persistence unit 'default'
2017-10-27 16:45:40.716  INFO 17698 --- [    Test worker] o.hibernate.jpa.internal.util.LogHelper  : HHH000204: Processing PersistenceUnitInfo [
	name: default
	...]
2017-10-27 16:45:40.721  INFO 17698 --- [    Test worker] org.hibernate.dialect.Dialect            : HHH000400: Using dialect: org.hibernate.dialect.H2Dialect
2017-10-27 16:45:40.732  WARN 17698 --- [    Test worker] org.hibernate.orm.deprecation            : HHH90000014: Found use of deprecated [org.hibernate.id.SequenceHiLoGenerator] sequence-based id generator; use org.hibernate.id.enhanced.SequenceStyleGenerator instead.  See Hibernate Domain Model Mapping Guide for details.
2017-10-27 16:45:40.733  WARN 17698 --- [    Test worker] org.hibernate.orm.deprecation            : HHH90000014: Found use of deprecated [org.hibernate.id.SequenceHiLoGenerator] sequence-based id generator; use org.hibernate.id.enhanced.SequenceStyleGenerator instead.  See Hibernate Domain Model Mapping Guide for details.
2017-10-27 16:45:40.733  WARN 17698 --- [    Test worker] org.hibernate.orm.deprecation            : HHH90000014: Found use of deprecated [org.hibernate.id.SequenceHiLoGenerator] sequence-based id generator; use org.hibernate.id.enhanced.SequenceStyleGenerator instead.  See Hibernate Domain Model Mapping Guide for details.
2017-10-27 16:45:40.759  INFO 17698 --- [    Test worker] o.h.t.schema.internal.SchemaCreatorImpl  : HHH000476: Executing import script 'org.hibernate.tool.schema.internal.exec.ScriptSourceInputNonExistentImpl@5eb39aa3'
2017-10-27 16:45:40.760  INFO 17698 --- [    Test worker] j.LocalContainerEntityManagerFactoryBean : Initialized JPA EntityManagerFactory for persistence unit 'default'
2017-10-27 16:45:40.775  WARN 17698 --- [    Test worker] o.h.v.m.ParameterMessageInterpolator     : HV000184: ParameterMessageInterpolator has been chosen, EL interpolation will not be supported
2017-10-27 16:45:40.851  INFO 17698 --- [    Test worker] com.example.dao.CarDaoImplTest           : Started CarDaoImplTest in 0.44 seconds (JVM running for 3.894)
2017-10-27 16:45:40.978  INFO 17698 --- [    Test worker] o.h.h.i.QueryTranslatorFactoryInitiator  : HHH000397: Using ASTQueryTranslatorFactory
2017-10-27 16:45:41.065  INFO 17698 --- [    Test worker] s.c.a.AnnotationConfigApplicationContext : Closing org.springframework.context.annotation.AnnotationConfigApplicationContext@7932cd95: startup date [Fri Oct 27 16:45:40 CEST 2017]; root of context hierarchy
2017-10-27 16:45:41.066  INFO 17698 --- [    Test worker] j.LocalContainerEntityManagerFactoryBean : Closing JPA EntityManagerFactory for persistence unit 'default'
2017-10-27 16:45:41.067  INFO 17698 --- [    Test worker] .SchemaDropperImpl$DelayedDropActionImpl : HHH000477: Starting delayed drop of schema as part of SessionFactory shut-down'

  .   ____          _            __ _ _
 /\\ / ___'_ __ _ _(_)_ __  __ _ \ \ \ \
( ( )\___ | '_ | '_| | '_ \/ _` | \ \ \ \
 \\/  ___)| |_)| | | | | || (_| |  ) ) ) )
  '  |____| .__|_| |_|_| |_\__, | / / / /
 =========|_|==============|___/=/_/_/_/
 :: Spring Boot ::        (v1.5.8.RELEASE)

2017-10-27 16:45:41.146  INFO 17698 --- [    Test worker] com.example.dao.CarDaoImplTest           : Starting CarDaoImplTest with PID 17698 (started by mateusz in /home/mateusz/Projekt/test)
2017-10-27 16:45:41.146  INFO 17698 --- [    Test worker] com.example.dao.CarDaoImplTest           : The following profiles are active: test
2017-10-27 16:45:41.149  INFO 17698 --- [    Test worker] s.c.a.AnnotationConfigApplicationContext : Refreshing org.springframework.context.annotation.AnnotationConfigApplicationContext@4fb53fc7: startup date [Fri Oct 27 16:45:41 CEST 2017]; root of context hierarchy
2017-10-27 16:45:41.373  WARN 17698 --- [    Test worker] o.h.v.m.ParameterMessageInterpolator     : HV000184: ParameterMessageInterpolator has been chosen, EL interpolation will not be supported
2017-10-27 16:45:41.513  INFO 17698 --- [    Test worker] j.LocalContainerEntityManagerFactoryBean : Building JPA container EntityManagerFactory for persistence unit 'default'
2017-10-27 16:45:41.513  INFO 17698 --- [    Test worker] o.hibernate.jpa.internal.util.LogHelper  : HHH000204: Processing PersistenceUnitInfo [
	name: default
	...]
2017-10-27 16:45:41.520  INFO 17698 --- [    Test worker] org.hibernate.dialect.Dialect            : HHH000400: Using dialect: org.hibernate.dialect.H2Dialect
2017-10-27 16:45:41.533  WARN 17698 --- [    Test worker] org.hibernate.orm.deprecation            : HHH90000014: Found use of deprecated [org.hibernate.id.SequenceHiLoGenerator] sequence-based id generator; use org.hibernate.id.enhanced.SequenceStyleGenerator instead.  See Hibernate Domain Model Mapping Guide for details.
2017-10-27 16:45:41.533  WARN 17698 --- [    Test worker] org.hibernate.orm.deprecation            : HHH90000014: Found use of deprecated [org.hibernate.id.SequenceHiLoGenerator] sequence-based id generator; use org.hibernate.id.enhanced.SequenceStyleGenerator instead.  See Hibernate Domain Model Mapping Guide for details.
2017-10-27 16:45:41.533  WARN 17698 --- [    Test worker] org.hibernate.orm.deprecation            : HHH90000014: Found use of deprecated [org.hibernate.id.SequenceHiLoGenerator] sequence-based id generator; use org.hibernate.id.enhanced.SequenceStyleGenerator instead.  See Hibernate Domain Model Mapping Guide for details.
2017-10-27 16:45:41.568  INFO 17698 --- [    Test worker] o.h.t.schema.internal.SchemaCreatorImpl  : HHH000476: Executing import script 'org.hibernate.tool.schema.internal.exec.ScriptSourceInputNonExistentImpl@5eb39aa3'
2017-10-27 16:45:41.569  INFO 17698 --- [    Test worker] j.LocalContainerEntityManagerFactoryBean : Initialized JPA EntityManagerFactory for persistence unit 'default'
2017-10-27 16:45:41.586  WARN 17698 --- [    Test worker] o.h.v.m.ParameterMessageInterpolator     : HV000184: ParameterMessageInterpolator has been chosen, EL interpolation will not be supported
2017-10-27 16:45:41.663  INFO 17698 --- [    Test worker] com.example.dao.CarDaoImplTest           : Started CarDaoImplTest in 0.588 seconds (JVM running for 4.706)
2017-10-27 16:45:41.669  INFO 17698 --- [    Test worker] s.c.a.AnnotationConfigApplicationContext : Closing org.springframework.context.annotation.AnnotationConfigApplicationContext@4fb53fc7: startup date [Fri Oct 27 16:45:41 CEST 2017]; root of context hierarchy
2017-10-27 16:45:41.670  INFO 17698 --- [    Test worker] j.LocalContainerEntityManagerFactoryBean : Closing JPA EntityManagerFactory for persistence unit 'default'
2017-10-27 16:45:41.670  INFO 17698 --- [    Test worker] .SchemaDropperImpl$DelayedDropActionImpl : HHH000477: Starting delayed drop of schema as part of SessionFactory shut-down'

  .   ____          _            __ _ _
 /\\ / ___'_ __ _ _(_)_ __  __ _ \ \ \ \
( ( )\___ | '_ | '_| | '_ \/ _` | \ \ \ \
 \\/  ___)| |_)| | | | | || (_| |  ) ) ) )
  '  |____| .__|_| |_|_| |_\__, | / / / /
 =========|_|==============|___/=/_/_/_/
 :: Spring Boot ::        (v1.5.8.RELEASE)

2017-10-27 16:45:41.711  INFO 17698 --- [    Test worker] com.example.dao.CarDaoImplTest           : Starting CarDaoImplTest with PID 17698 (started by mateusz in /home/mateusz/Projekt/test)
2017-10-27 16:45:41.711  INFO 17698 --- [    Test worker] com.example.dao.CarDaoImplTest           : The following profiles are active: test
2017-10-27 16:45:41.713  INFO 17698 --- [    Test worker] s.c.a.AnnotationConfigApplicationContext : Refreshing org.springframework.context.annotation.AnnotationConfigApplicationContext@6894d6e7: startup date [Fri Oct 27 16:45:41 CEST 2017]; root of context hierarchy
2017-10-27 16:45:41.890  WARN 17698 --- [    Test worker] o.h.v.m.ParameterMessageInterpolator     : HV000184: ParameterMessageInterpolator has been chosen, EL interpolation will not be supported
2017-10-27 16:45:41.977  INFO 17698 --- [    Test worker] j.LocalContainerEntityManagerFactoryBean : Building JPA container EntityManagerFactory for persistence unit 'default'
2017-10-27 16:45:41.978  INFO 17698 --- [    Test worker] o.hibernate.jpa.internal.util.LogHelper  : HHH000204: Processing PersistenceUnitInfo [
	name: default
	...]
2017-10-27 16:45:41.983  INFO 17698 --- [    Test worker] org.hibernate.dialect.Dialect            : HHH000400: Using dialect: org.hibernate.dialect.H2Dialect
2017-10-27 16:45:41.996  WARN 17698 --- [    Test worker] org.hibernate.orm.deprecation            : HHH90000014: Found use of deprecated [org.hibernate.id.SequenceHiLoGenerator] sequence-based id generator; use org.hibernate.id.enhanced.SequenceStyleGenerator instead.  See Hibernate Domain Model Mapping Guide for details.
2017-10-27 16:45:41.997  WARN 17698 --- [    Test worker] org.hibernate.orm.deprecation            : HHH90000014: Found use of deprecated [org.hibernate.id.SequenceHiLoGenerator] sequence-based id generator; use org.hibernate.id.enhanced.SequenceStyleGenerator instead.  See Hibernate Domain Model Mapping Guide for details.
2017-10-27 16:45:41.997  WARN 17698 --- [    Test worker] org.hibernate.orm.deprecation            : HHH90000014: Found use of deprecated [org.hibernate.id.SequenceHiLoGenerator] sequence-based id generator; use org.hibernate.id.enhanced.SequenceStyleGenerator instead.  See Hibernate Domain Model Mapping Guide for details.
2017-10-27 16:45:42.029  INFO 17698 --- [    Test worker] o.h.t.schema.internal.SchemaCreatorImpl  : HHH000476: Executing import script 'org.hibernate.tool.schema.internal.exec.ScriptSourceInputNonExistentImpl@5eb39aa3'
2017-10-27 16:45:42.029  INFO 17698 --- [    Test worker] j.LocalContainerEntityManagerFactoryBean : Initialized JPA EntityManagerFactory for persistence unit 'default'
2017-10-27 16:45:42.047  WARN 17698 --- [    Test worker] o.h.v.m.ParameterMessageInterpolator     : HV000184: ParameterMessageInterpolator has been chosen, EL interpolation will not be supported
2017-10-27 16:45:42.154  INFO 17698 --- [    Test worker] com.example.dao.CarDaoImplTest           : Started CarDaoImplTest in 0.477 seconds (JVM running for 5.197)
2017-10-27 16:45:42.170  INFO 17698 --- [    Test worker] s.c.a.AnnotationConfigApplicationContext : Closing org.springframework.context.annotation.AnnotationConfigApplicationContext@6894d6e7: startup date [Fri Oct 27 16:45:41 CEST 2017]; root of context hierarchy
2017-10-27 16:45:42.171  INFO 17698 --- [    Test worker] j.LocalContainerEntityManagerFactoryBean : Closing JPA EntityManagerFactory for persistence unit 'default'
2017-10-27 16:45:42.171  INFO 17698 --- [    Test worker] .SchemaDropperImpl$DelayedDropActionImpl : HHH000477: Starting delayed drop of schema as part of SessionFactory shut-down'

  .   ____          _            __ _ _
 /\\ / ___'_ __ _ _(_)_ __  __ _ \ \ \ \
( ( )\___ | '_ | '_| | '_ \/ _` | \ \ \ \
 \\/  ___)| |_)| | | | | || (_| |  ) ) ) )
  '  |____| .__|_| |_|_| |_\__, | / / / /
 =========|_|==============|___/=/_/_/_/
 :: Spring Boot ::        (v1.5.8.RELEASE)

2017-10-27 16:45:42.218  INFO 17698 --- [    Test worker] com.example.dao.CarDaoImplTest           : Starting CarDaoImplTest with PID 17698 (started by mateusz in /home/mateusz/Projekt/test)
2017-10-27 16:45:42.218  INFO 17698 --- [    Test worker] com.example.dao.CarDaoImplTest           : The following profiles are active: test
2017-10-27 16:45:42.220  INFO 17698 --- [    Test worker] s.c.a.AnnotationConfigApplicationContext : Refreshing org.springframework.context.annotation.AnnotationConfigApplicationContext@4facdb5: startup date [Fri Oct 27 16:45:42 CEST 2017]; root of context hierarchy
2017-10-27 16:45:42.367  WARN 17698 --- [    Test worker] o.h.v.m.ParameterMessageInterpolator     : HV000184: ParameterMessageInterpolator has been chosen, EL interpolation will not be supported
2017-10-27 16:45:42.451  INFO 17698 --- [    Test worker] j.LocalContainerEntityManagerFactoryBean : Building JPA container EntityManagerFactory for persistence unit 'default'
2017-10-27 16:45:42.451  INFO 17698 --- [    Test worker] o.hibernate.jpa.internal.util.LogHelper  : HHH000204: Processing PersistenceUnitInfo [
	name: default
	...]
2017-10-27 16:45:42.457  INFO 17698 --- [    Test worker] org.hibernate.dialect.Dialect            : HHH000400: Using dialect: org.hibernate.dialect.H2Dialect
2017-10-27 16:45:42.470  WARN 17698 --- [    Test worker] org.hibernate.orm.deprecation            : HHH90000014: Found use of deprecated [org.hibernate.id.SequenceHiLoGenerator] sequence-based id generator; use org.hibernate.id.enhanced.SequenceStyleGenerator instead.  See Hibernate Domain Model Mapping Guide for details.
2017-10-27 16:45:42.470  WARN 17698 --- [    Test worker] org.hibernate.orm.deprecation            : HHH90000014: Found use of deprecated [org.hibernate.id.SequenceHiLoGenerator] sequence-based id generator; use org.hibernate.id.enhanced.SequenceStyleGenerator instead.  See Hibernate Domain Model Mapping Guide for details.
2017-10-27 16:45:42.471  WARN 17698 --- [    Test worker] org.hibernate.orm.deprecation            : HHH90000014: Found use of deprecated [org.hibernate.id.SequenceHiLoGenerator] sequence-based id generator; use org.hibernate.id.enhanced.SequenceStyleGenerator instead.  See Hibernate Domain Model Mapping Guide for details.
2017-10-27 16:45:42.502  INFO 17698 --- [    Test worker] o.h.t.schema.internal.SchemaCreatorImpl  : HHH000476: Executing import script 'org.hibernate.tool.schema.internal.exec.ScriptSourceInputNonExistentImpl@5eb39aa3'
2017-10-27 16:45:42.503  INFO 17698 --- [    Test worker] j.LocalContainerEntityManagerFactoryBean : Initialized JPA EntityManagerFactory for persistence unit 'default'
2017-10-27 16:45:42.521  WARN 17698 --- [    Test worker] o.h.v.m.ParameterMessageInterpolator     : HV000184: ParameterMessageInterpolator has been chosen, EL interpolation will not be supported
2017-10-27 16:45:42.621  INFO 17698 --- [    Test worker] com.example.dao.CarDaoImplTest           : Started CarDaoImplTest in 0.441 seconds (JVM running for 5.664)
2017-10-27 16:45:42.629  INFO 17698 --- [    Test worker] o.h.h.i.QueryTranslatorFactoryInitiator  : HHH000397: Using ASTQueryTranslatorFactory
2017-10-27 16:45:42.637  INFO 17698 --- [    Test worker] s.c.a.AnnotationConfigApplicationContext : Closing org.springframework.context.annotation.AnnotationConfigApplicationContext@4facdb5: startup date [Fri Oct 27 16:45:42 CEST 2017]; root of context hierarchy
2017-10-27 16:45:42.638  INFO 17698 --- [    Test worker] j.LocalContainerEntityManagerFactoryBean : Closing JPA EntityManagerFactory for persistence unit 'default'
2017-10-27 16:45:42.638  INFO 17698 --- [    Test worker] .SchemaDropperImpl$DelayedDropActionImpl : HHH000477: Starting delayed drop of schema as part of SessionFactory shut-down'

  .   ____          _            __ _ _
 /\\ / ___'_ __ _ _(_)_ __  __ _ \ \ \ \
( ( )\___ | '_ | '_| | '_ \/ _` | \ \ \ \
 \\/  ___)| |_)| | | | | || (_| |  ) ) ) )
  '  |____| .__|_| |_|_| |_\__, | / / / /
 =========|_|==============|___/=/_/_/_/
 :: Spring Boot ::        (v1.5.8.RELEASE)

2017-10-27 16:45:42.681  INFO 17698 --- [    Test worker] com.example.dao.CarDaoImplTest           : Starting CarDaoImplTest with PID 17698 (started by mateusz in /home/mateusz/Projekt/test)
2017-10-27 16:45:42.682  INFO 17698 --- [    Test worker] com.example.dao.CarDaoImplTest           : The following profiles are active: test
2017-10-27 16:45:42.684  INFO 17698 --- [    Test worker] s.c.a.AnnotationConfigApplicationContext : Refreshing org.springframework.context.annotation.AnnotationConfigApplicationContext@e45e2a1: startup date [Fri Oct 27 16:45:42 CEST 2017]; root of context hierarchy
2017-10-27 16:45:42.853  WARN 17698 --- [    Test worker] o.h.v.m.ParameterMessageInterpolator     : HV000184: ParameterMessageInterpolator has been chosen, EL interpolation will not be supported
2017-10-27 16:45:42.945  INFO 17698 --- [    Test worker] j.LocalContainerEntityManagerFactoryBean : Building JPA container EntityManagerFactory for persistence unit 'default'
2017-10-27 16:45:42.946  INFO 17698 --- [    Test worker] o.hibernate.jpa.internal.util.LogHelper  : HHH000204: Processing PersistenceUnitInfo [
	name: default
	...]
2017-10-27 16:45:42.951  INFO 17698 --- [    Test worker] org.hibernate.dialect.Dialect            : HHH000400: Using dialect: org.hibernate.dialect.H2Dialect
2017-10-27 16:45:42.962  WARN 17698 --- [    Test worker] org.hibernate.orm.deprecation            : HHH90000014: Found use of deprecated [org.hibernate.id.SequenceHiLoGenerator] sequence-based id generator; use org.hibernate.id.enhanced.SequenceStyleGenerator instead.  See Hibernate Domain Model Mapping Guide for details.
2017-10-27 16:45:42.962  WARN 17698 --- [    Test worker] org.hibernate.orm.deprecation            : HHH90000014: Found use of deprecated [org.hibernate.id.SequenceHiLoGenerator] sequence-based id generator; use org.hibernate.id.enhanced.SequenceStyleGenerator instead.  See Hibernate Domain Model Mapping Guide for details.
2017-10-27 16:45:42.962  WARN 17698 --- [    Test worker] org.hibernate.orm.deprecation            : HHH90000014: Found use of deprecated [org.hibernate.id.SequenceHiLoGenerator] sequence-based id generator; use org.hibernate.id.enhanced.SequenceStyleGenerator instead.  See Hibernate Domain Model Mapping Guide for details.
2017-10-27 16:45:43.013  INFO 17698 --- [    Test worker] o.h.t.schema.internal.SchemaCreatorImpl  : HHH000476: Executing import script 'org.hibernate.tool.schema.internal.exec.ScriptSourceInputNonExistentImpl@5eb39aa3'
2017-10-27 16:45:43.014  INFO 17698 --- [    Test worker] j.LocalContainerEntityManagerFactoryBean : Initialized JPA EntityManagerFactory for persistence unit 'default'
2017-10-27 16:45:43.027  WARN 17698 --- [    Test worker] o.h.v.m.ParameterMessageInterpolator     : HV000184: ParameterMessageInterpolator has been chosen, EL interpolation will not be supported
2017-10-27 16:45:43.086  INFO 17698 --- [    Test worker] com.example.dao.CarDaoImplTest           : Started CarDaoImplTest in 0.44 seconds (JVM running for 6.129)
2017-10-27 16:45:43.093  INFO 17698 --- [    Test worker] s.c.a.AnnotationConfigApplicationContext : Closing org.springframework.context.annotation.AnnotationConfigApplicationContext@e45e2a1: startup date [Fri Oct 27 16:45:42 CEST 2017]; root of context hierarchy
2017-10-27 16:45:43.094  INFO 17698 --- [    Test worker] j.LocalContainerEntityManagerFactoryBean : Closing JPA EntityManagerFactory for persistence unit 'default'
2017-10-27 16:45:43.094  INFO 17698 --- [    Test worker] .SchemaDropperImpl$DelayedDropActionImpl : HHH000477: Starting delayed drop of schema as part of SessionFactory shut-down'

  .   ____          _            __ _ _
 /\\ / ___'_ __ _ _(_)_ __  __ _ \ \ \ \
( ( )\___ | '_ | '_| | '_ \/ _` | \ \ \ \
 \\/  ___)| |_)| | | | | || (_| |  ) ) ) )
  '  |____| .__|_| |_|_| |_\__, | / / / /
 =========|_|==============|___/=/_/_/_/
 :: Spring Boot ::        (v1.5.8.RELEASE)

2017-10-27 16:45:43.126  INFO 17698 --- [    Test worker] com.example.dao.CarDaoImplTest           : Starting CarDaoImplTest with PID 17698 (started by mateusz in /home/mateusz/Projekt/test)
2017-10-27 16:45:43.127  INFO 17698 --- [    Test worker] com.example.dao.CarDaoImplTest           : The following profiles are active: test
2017-10-27 16:45:43.129  INFO 17698 --- [    Test worker] s.c.a.AnnotationConfigApplicationContext : Refreshing org.springframework.context.annotation.AnnotationConfigApplicationContext@7ccde44e: startup date [Fri Oct 27 16:45:43 CEST 2017]; root of context hierarchy
2017-10-27 16:45:43.261  WARN 17698 --- [    Test worker] o.h.v.m.ParameterMessageInterpolator     : HV000184: ParameterMessageInterpolator has been chosen, EL interpolation will not be supported
2017-10-27 16:45:43.340  INFO 17698 --- [    Test worker] j.LocalContainerEntityManagerFactoryBean : Building JPA container EntityManagerFactory for persistence unit 'default'
2017-10-27 16:45:43.340  INFO 17698 --- [    Test worker] o.hibernate.jpa.internal.util.LogHelper  : HHH000204: Processing PersistenceUnitInfo [
	name: default
	...]
2017-10-27 16:45:43.346  INFO 17698 --- [    Test worker] org.hibernate.dialect.Dialect            : HHH000400: Using dialect: org.hibernate.dialect.H2Dialect
2017-10-27 16:45:43.357  WARN 17698 --- [    Test worker] org.hibernate.orm.deprecation            : HHH90000014: Found use of deprecated [org.hibernate.id.SequenceHiLoGenerator] sequence-based id generator; use org.hibernate.id.enhanced.SequenceStyleGenerator instead.  See Hibernate Domain Model Mapping Guide for details.
2017-10-27 16:45:43.358  WARN 17698 --- [    Test worker] org.hibernate.orm.deprecation            : HHH90000014: Found use of deprecated [org.hibernate.id.SequenceHiLoGenerator] sequence-based id generator; use org.hibernate.id.enhanced.SequenceStyleGenerator instead.  See Hibernate Domain Model Mapping Guide for details.
2017-10-27 16:45:43.358  WARN 17698 --- [    Test worker] org.hibernate.orm.deprecation            : HHH90000014: Found use of deprecated [org.hibernate.id.SequenceHiLoGenerator] sequence-based id generator; use org.hibernate.id.enhanced.SequenceStyleGenerator instead.  See Hibernate Domain Model Mapping Guide for details.
2017-10-27 16:45:43.388  INFO 17698 --- [    Test worker] o.h.t.schema.internal.SchemaCreatorImpl  : HHH000476: Executing import script 'org.hibernate.tool.schema.internal.exec.ScriptSourceInputNonExistentImpl@5eb39aa3'
2017-10-27 16:45:43.388  INFO 17698 --- [    Test worker] j.LocalContainerEntityManagerFactoryBean : Initialized JPA EntityManagerFactory for persistence unit 'default'
2017-10-27 16:45:43.403  WARN 17698 --- [    Test worker] o.h.v.m.ParameterMessageInterpolator     : HV000184: ParameterMessageInterpolator has been chosen, EL interpolation will not be supported
2017-10-27 16:45:43.487  INFO 17698 --- [    Test worker] com.example.dao.CarDaoImplTest           : Started CarDaoImplTest in 0.386 seconds (JVM running for 6.53)
2017-10-27 16:45:43.493  INFO 17698 --- [    Test worker] s.c.a.AnnotationConfigApplicationContext : Closing org.springframework.context.annotation.AnnotationConfigApplicationContext@7ccde44e: startup date [Fri Oct 27 16:45:43 CEST 2017]; root of context hierarchy
2017-10-27 16:45:43.494  INFO 17698 --- [    Test worker] j.LocalContainerEntityManagerFactoryBean : Closing JPA EntityManagerFactory for persistence unit 'default'
2017-10-27 16:45:43.494  INFO 17698 --- [    Test worker] .SchemaDropperImpl$DelayedDropActionImpl : HHH000477: Starting delayed drop of schema as part of SessionFactory shut-down'

  .   ____          _            __ _ _
 /\\ / ___'_ __ _ _(_)_ __  __ _ \ \ \ \
( ( )\___ | '_ | '_| | '_ \/ _` | \ \ \ \
 \\/  ___)| |_)| | | | | || (_| |  ) ) ) )
  '  |____| .__|_| |_|_| |_\__, | / / / /
 =========|_|==============|___/=/_/_/_/
 :: Spring Boot ::        (v1.5.8.RELEASE)

2017-10-27 16:45:43.531  INFO 17698 --- [    Test worker] com.example.dao.CarDaoImplTest           : Starting CarDaoImplTest with PID 17698 (started by mateusz in /home/mateusz/Projekt/test)
2017-10-27 16:45:43.531  INFO 17698 --- [    Test worker] com.example.dao.CarDaoImplTest           : The following profiles are active: test
2017-10-27 16:45:43.533  INFO 17698 --- [    Test worker] s.c.a.AnnotationConfigApplicationContext : Refreshing org.springframework.context.annotation.AnnotationConfigApplicationContext@12accb2d: startup date [Fri Oct 27 16:45:43 CEST 2017]; root of context hierarchy
2017-10-27 16:45:43.686  WARN 17698 --- [    Test worker] o.h.v.m.ParameterMessageInterpolator     : HV000184: ParameterMessageInterpolator has been chosen, EL interpolation will not be supported
2017-10-27 16:45:43.782  INFO 17698 --- [    Test worker] j.LocalContainerEntityManagerFactoryBean : Building JPA container EntityManagerFactory for persistence unit 'default'
2017-10-27 16:45:43.782  INFO 17698 --- [    Test worker] o.hibernate.jpa.internal.util.LogHelper  : HHH000204: Processing PersistenceUnitInfo [
	name: default
	...]
2017-10-27 16:45:43.788  INFO 17698 --- [    Test worker] org.hibernate.dialect.Dialect            : HHH000400: Using dialect: org.hibernate.dialect.H2Dialect
2017-10-27 16:45:43.798  WARN 17698 --- [    Test worker] org.hibernate.orm.deprecation            : HHH90000014: Found use of deprecated [org.hibernate.id.SequenceHiLoGenerator] sequence-based id generator; use org.hibernate.id.enhanced.SequenceStyleGenerator instead.  See Hibernate Domain Model Mapping Guide for details.
2017-10-27 16:45:43.799  WARN 17698 --- [    Test worker] org.hibernate.orm.deprecation            : HHH90000014: Found use of deprecated [org.hibernate.id.SequenceHiLoGenerator] sequence-based id generator; use org.hibernate.id.enhanced.SequenceStyleGenerator instead.  See Hibernate Domain Model Mapping Guide for details.
2017-10-27 16:45:43.799  WARN 17698 --- [    Test worker] org.hibernate.orm.deprecation            : HHH90000014: Found use of deprecated [org.hibernate.id.SequenceHiLoGenerator] sequence-based id generator; use org.hibernate.id.enhanced.SequenceStyleGenerator instead.  See Hibernate Domain Model Mapping Guide for details.
2017-10-27 16:45:43.828  INFO 17698 --- [    Test worker] o.h.t.schema.internal.SchemaCreatorImpl  : HHH000476: Executing import script 'org.hibernate.tool.schema.internal.exec.ScriptSourceInputNonExistentImpl@5eb39aa3'
2017-10-27 16:45:43.829  INFO 17698 --- [    Test worker] j.LocalContainerEntityManagerFactoryBean : Initialized JPA EntityManagerFactory for persistence unit 'default'
2017-10-27 16:45:43.843  WARN 17698 --- [    Test worker] o.h.v.m.ParameterMessageInterpolator     : HV000184: ParameterMessageInterpolator has been chosen, EL interpolation will not be supported
2017-10-27 16:45:43.927  INFO 17698 --- [    Test worker] com.example.dao.CarDaoImplTest           : Started CarDaoImplTest in 0.425 seconds (JVM running for 6.97)
2017-10-27 16:45:43.933  INFO 17698 --- [    Test worker] s.c.a.AnnotationConfigApplicationContext : Closing org.springframework.context.annotation.AnnotationConfigApplicationContext@12accb2d: startup date [Fri Oct 27 16:45:43 CEST 2017]; root of context hierarchy
2017-10-27 16:45:43.934  INFO 17698 --- [    Test worker] j.LocalContainerEntityManagerFactoryBean : Closing JPA EntityManagerFactory for persistence unit 'default'
2017-10-27 16:45:43.934  INFO 17698 --- [    Test worker] .SchemaDropperImpl$DelayedDropActionImpl : HHH000477: Starting delayed drop of schema as part of SessionFactory shut-down'

  .   ____          _            __ _ _
 /\\ / ___'_ __ _ _(_)_ __  __ _ \ \ \ \
( ( )\___ | '_ | '_| | '_ \/ _` | \ \ \ \
 \\/  ___)| |_)| | | | | || (_| |  ) ) ) )
  '  |____| .__|_| |_|_| |_\__, | / / / /
 =========|_|==============|___/=/_/_/_/
 :: Spring Boot ::        (v1.5.8.RELEASE)

2017-10-27 16:45:43.979  INFO 17698 --- [    Test worker] com.example.dao.CarDaoImplTest           : Starting CarDaoImplTest with PID 17698 (started by mateusz in /home/mateusz/Projekt/test)
2017-10-27 16:45:43.979  INFO 17698 --- [    Test worker] com.example.dao.CarDaoImplTest           : The following profiles are active: test
2017-10-27 16:45:43.981  INFO 17698 --- [    Test worker] s.c.a.AnnotationConfigApplicationContext : Refreshing org.springframework.context.annotation.AnnotationConfigApplicationContext@11035fdc: startup date [Fri Oct 27 16:45:43 CEST 2017]; root of context hierarchy
2017-10-27 16:45:44.116  WARN 17698 --- [    Test worker] o.h.v.m.ParameterMessageInterpolator     : HV000184: ParameterMessageInterpolator has been chosen, EL interpolation will not be supported
2017-10-27 16:45:44.180  INFO 17698 --- [    Test worker] j.LocalContainerEntityManagerFactoryBean : Building JPA container EntityManagerFactory for persistence unit 'default'
2017-10-27 16:45:44.180  INFO 17698 --- [    Test worker] o.hibernate.jpa.internal.util.LogHelper  : HHH000204: Processing PersistenceUnitInfo [
	name: default
	...]
2017-10-27 16:45:44.184  INFO 17698 --- [    Test worker] org.hibernate.dialect.Dialect            : HHH000400: Using dialect: org.hibernate.dialect.H2Dialect
2017-10-27 16:45:44.194  WARN 17698 --- [    Test worker] org.hibernate.orm.deprecation            : HHH90000014: Found use of deprecated [org.hibernate.id.SequenceHiLoGenerator] sequence-based id generator; use org.hibernate.id.enhanced.SequenceStyleGenerator instead.  See Hibernate Domain Model Mapping Guide for details.
2017-10-27 16:45:44.194  WARN 17698 --- [    Test worker] org.hibernate.orm.deprecation            : HHH90000014: Found use of deprecated [org.hibernate.id.SequenceHiLoGenerator] sequence-based id generator; use org.hibernate.id.enhanced.SequenceStyleGenerator instead.  See Hibernate Domain Model Mapping Guide for details.
2017-10-27 16:45:44.194  WARN 17698 --- [    Test worker] org.hibernate.orm.deprecation            : HHH90000014: Found use of deprecated [org.hibernate.id.SequenceHiLoGenerator] sequence-based id generator; use org.hibernate.id.enhanced.SequenceStyleGenerator instead.  See Hibernate Domain Model Mapping Guide for details.
2017-10-27 16:45:44.218  INFO 17698 --- [    Test worker] o.h.t.schema.internal.SchemaCreatorImpl  : HHH000476: Executing import script 'org.hibernate.tool.schema.internal.exec.ScriptSourceInputNonExistentImpl@5eb39aa3'
2017-10-27 16:45:44.218  INFO 17698 --- [    Test worker] j.LocalContainerEntityManagerFactoryBean : Initialized JPA EntityManagerFactory for persistence unit 'default'
2017-10-27 16:45:44.228  WARN 17698 --- [    Test worker] o.h.v.m.ParameterMessageInterpolator     : HV000184: ParameterMessageInterpolator has been chosen, EL interpolation will not be supported
2017-10-27 16:45:44.290  INFO 17698 --- [    Test worker] com.example.dao.CarDaoImplTest           : Started CarDaoImplTest in 0.348 seconds (JVM running for 7.334)
2017-10-27 16:45:44.294  INFO 17698 --- [    Test worker] s.c.a.AnnotationConfigApplicationContext : Closing org.springframework.context.annotation.AnnotationConfigApplicationContext@11035fdc: startup date [Fri Oct 27 16:45:43 CEST 2017]; root of context hierarchy
2017-10-27 16:45:44.295  INFO 17698 --- [    Test worker] j.LocalContainerEntityManagerFactoryBean : Closing JPA EntityManagerFactory for persistence unit 'default'
2017-10-27 16:45:44.295  INFO 17698 --- [    Test worker] .SchemaDropperImpl$DelayedDropActionImpl : HHH000477: Starting delayed drop of schema as part of SessionFactory shut-down'

  .   ____          _            __ _ _
 /\\ / ___'_ __ _ _(_)_ __  __ _ \ \ \ \
( ( )\___ | '_ | '_| | '_ \/ _` | \ \ \ \
 \\/  ___)| |_)| | | | | || (_| |  ) ) ) )
  '  |____| .__|_| |_|_| |_\__, | / / / /
 =========|_|==============|___/=/_/_/_/
 :: Spring Boot ::        (v1.5.8.RELEASE)

2017-10-27 16:45:44.325  INFO 17698 --- [    Test worker] com.example.dao.CarDaoImplTest           : Starting CarDaoImplTest with PID 17698 (started by mateusz in /home/mateusz/Projekt/test)
2017-10-27 16:45:44.325  INFO 17698 --- [    Test worker] com.example.dao.CarDaoImplTest           : The following profiles are active: test
2017-10-27 16:45:44.327  INFO 17698 --- [    Test worker] s.c.a.AnnotationConfigApplicationContext : Refreshing org.springframework.context.annotation.AnnotationConfigApplicationContext@5ca64663: startup date [Fri Oct 27 16:45:44 CEST 2017]; root of context hierarchy
2017-10-27 16:45:44.445  WARN 17698 --- [    Test worker] o.h.v.m.ParameterMessageInterpolator     : HV000184: ParameterMessageInterpolator has been chosen, EL interpolation will not be supported
2017-10-27 16:45:44.505  INFO 17698 --- [    Test worker] j.LocalContainerEntityManagerFactoryBean : Building JPA container EntityManagerFactory for persistence unit 'default'
2017-10-27 16:45:44.506  INFO 17698 --- [    Test worker] o.hibernate.jpa.internal.util.LogHelper  : HHH000204: Processing PersistenceUnitInfo [
	name: default
	...]
2017-10-27 16:45:44.510  INFO 17698 --- [    Test worker] org.hibernate.dialect.Dialect            : HHH000400: Using dialect: org.hibernate.dialect.H2Dialect
2017-10-27 16:45:44.517  WARN 17698 --- [    Test worker] org.hibernate.orm.deprecation            : HHH90000014: Found use of deprecated [org.hibernate.id.SequenceHiLoGenerator] sequence-based id generator; use org.hibernate.id.enhanced.SequenceStyleGenerator instead.  See Hibernate Domain Model Mapping Guide for details.
2017-10-27 16:45:44.517  WARN 17698 --- [    Test worker] org.hibernate.orm.deprecation            : HHH90000014: Found use of deprecated [org.hibernate.id.SequenceHiLoGenerator] sequence-based id generator; use org.hibernate.id.enhanced.SequenceStyleGenerator instead.  See Hibernate Domain Model Mapping Guide for details.
2017-10-27 16:45:44.517  WARN 17698 --- [    Test worker] org.hibernate.orm.deprecation            : HHH90000014: Found use of deprecated [org.hibernate.id.SequenceHiLoGenerator] sequence-based id generator; use org.hibernate.id.enhanced.SequenceStyleGenerator instead.  See Hibernate Domain Model Mapping Guide for details.
2017-10-27 16:45:44.542  INFO 17698 --- [    Test worker] o.h.t.schema.internal.SchemaCreatorImpl  : HHH000476: Executing import script 'org.hibernate.tool.schema.internal.exec.ScriptSourceInputNonExistentImpl@5eb39aa3'
2017-10-27 16:45:44.542  INFO 17698 --- [    Test worker] j.LocalContainerEntityManagerFactoryBean : Initialized JPA EntityManagerFactory for persistence unit 'default'
2017-10-27 16:45:44.554  WARN 17698 --- [    Test worker] o.h.v.m.ParameterMessageInterpolator     : HV000184: ParameterMessageInterpolator has been chosen, EL interpolation will not be supported
2017-10-27 16:45:44.610  INFO 17698 --- [    Test worker] com.example.dao.CarDaoImplTest           : Started CarDaoImplTest in 0.309 seconds (JVM running for 7.653)
2017-10-27 16:45:44.615  INFO 17698 --- [    Test worker] s.c.a.AnnotationConfigApplicationContext : Closing org.springframework.context.annotation.AnnotationConfigApplicationContext@5ca64663: startup date [Fri Oct 27 16:45:44 CEST 2017]; root of context hierarchy
2017-10-27 16:45:44.615  INFO 17698 --- [    Test worker] j.LocalContainerEntityManagerFactoryBean : Closing JPA EntityManagerFactory for persistence unit 'default'
2017-10-27 16:45:44.615  INFO 17698 --- [    Test worker] .SchemaDropperImpl$DelayedDropActionImpl : HHH000477: Starting delayed drop of schema as part of SessionFactory shut-down'

  .   ____          _            __ _ _
 /\\ / ___'_ __ _ _(_)_ __  __ _ \ \ \ \
( ( )\___ | '_ | '_| | '_ \/ _` | \ \ \ \
 \\/  ___)| |_)| | | | | || (_| |  ) ) ) )
  '  |____| .__|_| |_|_| |_\__, | / / / /
 =========|_|==============|___/=/_/_/_/
 :: Spring Boot ::        (v1.5.8.RELEASE)

2017-10-27 16:45:44.649  INFO 17698 --- [    Test worker] com.example.dao.CarDaoImplTest           : Starting CarDaoImplTest with PID 17698 (started by mateusz in /home/mateusz/Projekt/test)
2017-10-27 16:45:44.649  INFO 17698 --- [    Test worker] com.example.dao.CarDaoImplTest           : The following profiles are active: test
2017-10-27 16:45:44.651  INFO 17698 --- [    Test worker] s.c.a.AnnotationConfigApplicationContext : Refreshing org.springframework.context.annotation.AnnotationConfigApplicationContext@1c1b6ad3: startup date [Fri Oct 27 16:45:44 CEST 2017]; root of context hierarchy
2017-10-27 16:45:44.786  WARN 17698 --- [    Test worker] o.h.v.m.ParameterMessageInterpolator     : HV000184: ParameterMessageInterpolator has been chosen, EL interpolation will not be supported
2017-10-27 16:45:44.858  INFO 17698 --- [    Test worker] j.LocalContainerEntityManagerFactoryBean : Building JPA container EntityManagerFactory for persistence unit 'default'
2017-10-27 16:45:44.858  INFO 17698 --- [    Test worker] o.hibernate.jpa.internal.util.LogHelper  : HHH000204: Processing PersistenceUnitInfo [
	name: default
	...]
2017-10-27 16:45:44.863  INFO 17698 --- [    Test worker] org.hibernate.dialect.Dialect            : HHH000400: Using dialect: org.hibernate.dialect.H2Dialect
2017-10-27 16:45:44.872  WARN 17698 --- [    Test worker] org.hibernate.orm.deprecation            : HHH90000014: Found use of deprecated [org.hibernate.id.SequenceHiLoGenerator] sequence-based id generator; use org.hibernate.id.enhanced.SequenceStyleGenerator instead.  See Hibernate Domain Model Mapping Guide for details.
2017-10-27 16:45:44.872  WARN 17698 --- [    Test worker] org.hibernate.orm.deprecation            : HHH90000014: Found use of deprecated [org.hibernate.id.SequenceHiLoGenerator] sequence-based id generator; use org.hibernate.id.enhanced.SequenceStyleGenerator instead.  See Hibernate Domain Model Mapping Guide for details.
2017-10-27 16:45:44.872  WARN 17698 --- [    Test worker] org.hibernate.orm.deprecation            : HHH90000014: Found use of deprecated [org.hibernate.id.SequenceHiLoGenerator] sequence-based id generator; use org.hibernate.id.enhanced.SequenceStyleGenerator instead.  See Hibernate Domain Model Mapping Guide for details.
2017-10-27 16:45:44.896  INFO 17698 --- [    Test worker] o.h.t.schema.internal.SchemaCreatorImpl  : HHH000476: Executing import script 'org.hibernate.tool.schema.internal.exec.ScriptSourceInputNonExistentImpl@5eb39aa3'
2017-10-27 16:45:44.896  INFO 17698 --- [    Test worker] j.LocalContainerEntityManagerFactoryBean : Initialized JPA EntityManagerFactory for persistence unit 'default'
2017-10-27 16:45:44.908  WARN 17698 --- [    Test worker] o.h.v.m.ParameterMessageInterpolator     : HV000184: ParameterMessageInterpolator has been chosen, EL interpolation will not be supported
2017-10-27 16:45:44.957  INFO 17698 --- [    Test worker] com.example.dao.CarDaoImplTest           : Started CarDaoImplTest in 0.336 seconds (JVM running for 8.0)
2017-10-27 16:45:44.962  INFO 17698 --- [    Test worker] o.h.h.i.QueryTranslatorFactoryInitiator  : HHH000397: Using ASTQueryTranslatorFactory
]]></system-out>
  <system-err><![CDATA[]]></system-err>
</testsuite>
